2014-10-28 19:53:43,071 [main] INFO  org.apache.pig.Main - Apache Pig version 0.11.0-cdh4.4.0 (rexported) compiled Sep 03 2013, 20:25:46
2014-10-28 19:53:43,075 [main] INFO  org.apache.pig.Main - Logging error messages to: /home/cloudera/rakesh/project1/pig_1414544023066.log
2014-10-28 19:53:43,827 [main] INFO  org.apache.pig.impl.util.Utils - Default bootup file /home/cloudera/.pigbootup not found
2014-10-28 19:53:43,975 [main] WARN  org.apache.hadoop.conf.Configuration - fs.default.name is deprecated. Instead, use fs.defaultFS
2014-10-28 19:53:43,980 [main] INFO  org.apache.pig.backend.hadoop.executionengine.HExecutionEngine - Connecting to hadoop file system at: file:///
2014-10-28 19:53:44,505 [main] WARN  org.apache.hadoop.conf.Configuration - io.bytes.per.checksum is deprecated. Instead, use dfs.bytes-per-checksum
2014-10-28 19:53:44,506 [main] WARN  org.apache.hadoop.conf.Configuration - dfs.umaskmode is deprecated. Instead, use fs.permissions.umask-mode
2014-10-28 19:53:44,506 [main] WARN  org.apache.hadoop.conf.Configuration - topology.node.switch.mapping.impl is deprecated. Instead, use net.topology.node.switch.mapping.impl
2014-10-28 19:53:44,508 [main] WARN  org.apache.hadoop.conf.Configuration - dfs.df.interval is deprecated. Instead, use fs.df.interval
2014-10-28 19:53:44,509 [main] WARN  org.apache.hadoop.conf.Configuration - topology.script.number.args is deprecated. Instead, use net.topology.script.number.args
2014-10-28 19:53:44,509 [main] WARN  org.apache.hadoop.conf.Configuration - hadoop.native.lib is deprecated. Instead, use io.native.lib.available
2014-10-28 19:53:44,856 [main] INFO  org.apache.pig.tools.pigstats.ScriptState - Pig features used in the script: DISTINCT,FILTER
2014-10-28 19:53:45,232 [main] INFO  org.apache.pig.backend.hadoop.executionengine.mapReduceLayer.MRCompiler - File concatenation threshold: 100 optimistic? false
2014-10-28 19:53:45,458 [main] INFO  org.apache.pig.backend.hadoop.executionengine.mapReduceLayer.MultiQueryOptimizer - MR plan size before optimization: 1
2014-10-28 19:53:45,458 [main] INFO  org.apache.pig.backend.hadoop.executionengine.mapReduceLayer.MultiQueryOptimizer - MR plan size after optimization: 1
2014-10-28 19:53:45,509 [main] WARN  org.apache.hadoop.conf.Configuration - session.id is deprecated. Instead, use dfs.metrics.session-id
2014-10-28 19:53:45,510 [main] INFO  org.apache.hadoop.metrics.jvm.JvmMetrics - Initializing JVM Metrics with processName=JobTracker, sessionId=
2014-10-28 19:53:45,533 [main] WARN  org.apache.pig.backend.hadoop23.PigJobControl - falling back to default JobControl (not using hadoop 0.23 ?)
java.lang.NoSuchFieldException: jobsInProgress
	at java.lang.Class.getDeclaredField(Class.java:1882)
	at org.apache.pig.backend.hadoop23.PigJobControl.<clinit>(PigJobControl.java:58)
	at org.apache.pig.backend.hadoop.executionengine.shims.HadoopShims.newJobControl(HadoopShims.java:102)
	at org.apache.pig.backend.hadoop.executionengine.mapReduceLayer.JobControlCompiler.compile(JobControlCompiler.java:285)
	at org.apache.pig.backend.hadoop.executionengine.mapReduceLayer.MapReduceLauncher.launchPig(MapReduceLauncher.java:177)
	at org.apache.pig.PigServer.launchPlan(PigServer.java:1266)
	at org.apache.pig.PigServer.executeCompiledLogicalPlan(PigServer.java:1251)
	at org.apache.pig.PigServer.execute(PigServer.java:1241)
	at org.apache.pig.PigServer.executeBatch(PigServer.java:335)
	at org.apache.pig.tools.grunt.GruntParser.executeBatch(GruntParser.java:137)
	at org.apache.pig.tools.grunt.GruntParser.processRemove(GruntParser.java:1001)
	at org.apache.pig.tools.pigscript.parser.PigScriptParser.parse(PigScriptParser.java:499)
	at org.apache.pig.tools.grunt.GruntParser.parseStopOnError(GruntParser.java:194)
	at org.apache.pig.tools.grunt.GruntParser.parseStopOnError(GruntParser.java:170)
	at org.apache.pig.tools.grunt.Grunt.exec(Grunt.java:84)
	at org.apache.pig.Main.run(Main.java:475)
	at org.apache.pig.Main.main(Main.java:157)
	at sun.reflect.NativeMethodAccessorImpl.invoke0(Native Method)
	at sun.reflect.NativeMethodAccessorImpl.invoke(NativeMethodAccessorImpl.java:39)
	at sun.reflect.DelegatingMethodAccessorImpl.invoke(DelegatingMethodAccessorImpl.java:25)
	at java.lang.reflect.Method.invoke(Method.java:597)
	at org.apache.hadoop.util.RunJar.main(RunJar.java:208)
2014-10-28 19:53:45,541 [main] INFO  org.apache.pig.tools.pigstats.ScriptState - Pig script settings are added to the job
2014-10-28 19:53:45,560 [main] INFO  org.apache.pig.backend.hadoop.executionengine.mapReduceLayer.JobControlCompiler - mapred.job.reduce.markreset.buffer.percent is not set, set to default 0.3
2014-10-28 19:53:45,571 [main] INFO  org.apache.pig.backend.hadoop.executionengine.mapReduceLayer.JobControlCompiler - Using reducer estimator: org.apache.pig.backend.hadoop.executionengine.mapReduceLayer.InputSizeReducerEstimator
2014-10-28 19:53:45,579 [main] INFO  org.apache.pig.backend.hadoop.executionengine.mapReduceLayer.InputSizeReducerEstimator - BytesPerReducer=1000000000 maxReducers=999 totalInputFileSize=286
2014-10-28 19:53:45,579 [main] INFO  org.apache.pig.backend.hadoop.executionengine.mapReduceLayer.JobControlCompiler - Setting Parallelism to 1
2014-10-28 19:53:45,655 [main] INFO  org.apache.pig.backend.hadoop.executionengine.mapReduceLayer.JobControlCompiler - Setting up single store job
2014-10-28 19:53:45,668 [main] INFO  org.apache.pig.data.SchemaTupleFrontend - Key [pig.schematuple] is false, will not generate code.
2014-10-28 19:53:45,668 [main] INFO  org.apache.pig.data.SchemaTupleFrontend - Starting process to move generated code to distributed cacche
2014-10-28 19:53:45,668 [main] INFO  org.apache.pig.data.SchemaTupleFrontend - Distributed cache not supported or needed in local mode. Setting key [pig.schematuple.local.dir] with code temp directory: /tmp/1414544025668-0
2014-10-28 19:53:45,670 [main] INFO  org.apache.pig.backend.hadoop.executionengine.mapReduceLayer.JobControlCompiler - Setting identity combiner class.
2014-10-28 19:53:45,750 [main] INFO  org.apache.pig.backend.hadoop.executionengine.mapReduceLayer.MapReduceLauncher - 1 map-reduce job(s) waiting for submission.
2014-10-28 19:53:45,763 [JobControl] INFO  org.apache.hadoop.metrics.jvm.JvmMetrics - Cannot initialize JVM Metrics with processName=JobTracker, sessionId= - already initialized
2014-10-28 19:53:45,798 [JobControl] WARN  org.apache.hadoop.mapred.JobClient - Use GenericOptionsParser for parsing the arguments. Applications should implement Tool for the same.
2014-10-28 19:53:45,802 [JobControl] WARN  org.apache.hadoop.mapred.JobClient - No job jar file set.  User classes may not be found. See JobConf(Class) or JobConf#setJar(String).
2014-10-28 19:53:45,815 [JobControl] WARN  org.apache.hadoop.conf.Configuration - fs.default.name is deprecated. Instead, use fs.defaultFS
2014-10-28 19:53:45,818 [JobControl] WARN  org.apache.hadoop.conf.Configuration - io.bytes.per.checksum is deprecated. Instead, use dfs.bytes-per-checksum
2014-10-28 19:53:45,914 [JobControl] INFO  org.apache.hadoop.mapreduce.lib.input.FileInputFormat - Total input paths to process : 1
2014-10-28 19:53:45,914 [JobControl] INFO  org.apache.pig.backend.hadoop.executionengine.util.MapRedUtil - Total input paths to process : 1
2014-10-28 19:53:45,957 [JobControl] INFO  org.apache.pig.backend.hadoop.executionengine.util.MapRedUtil - Total input paths (combined) to process : 1
2014-10-28 19:53:46,259 [main] INFO  org.apache.pig.backend.hadoop.executionengine.mapReduceLayer.MapReduceLauncher - 0% complete
2014-10-28 19:53:46,337 [Thread-3] INFO  org.apache.hadoop.mapred.LocalJobRunner - OutputCommitter set in config null
2014-10-28 19:53:46,380 [Thread-3] WARN  org.apache.hadoop.conf.Configuration - dfs.df.interval is deprecated. Instead, use fs.df.interval
2014-10-28 19:53:46,381 [Thread-3] WARN  org.apache.hadoop.conf.Configuration - hadoop.native.lib is deprecated. Instead, use io.native.lib.available
2014-10-28 19:53:46,382 [Thread-3] WARN  org.apache.hadoop.conf.Configuration - fs.default.name is deprecated. Instead, use fs.defaultFS
2014-10-28 19:53:46,382 [Thread-3] WARN  org.apache.hadoop.conf.Configuration - topology.script.number.args is deprecated. Instead, use net.topology.script.number.args
2014-10-28 19:53:46,382 [Thread-3] WARN  org.apache.hadoop.conf.Configuration - dfs.umaskmode is deprecated. Instead, use fs.permissions.umask-mode
2014-10-28 19:53:46,382 [Thread-3] WARN  org.apache.hadoop.conf.Configuration - topology.node.switch.mapping.impl is deprecated. Instead, use net.topology.node.switch.mapping.impl
2014-10-28 19:53:46,382 [Thread-3] WARN  org.apache.hadoop.conf.Configuration - io.bytes.per.checksum is deprecated. Instead, use dfs.bytes-per-checksum
2014-10-28 19:53:46,387 [Thread-3] INFO  org.apache.hadoop.mapred.LocalJobRunner - OutputCommitter is org.apache.pig.backend.hadoop.executionengine.mapReduceLayer.PigOutputCommitter
2014-10-28 19:53:46,425 [Thread-3] INFO  org.apache.hadoop.mapred.LocalJobRunner - Waiting for map tasks
2014-10-28 19:53:46,425 [pool-1-thread-1] INFO  org.apache.hadoop.mapred.LocalJobRunner - Starting task: attempt_local2101722236_0001_m_000000_0
2014-10-28 19:53:46,497 [pool-1-thread-1] WARN  mapreduce.Counters - Group org.apache.hadoop.mapred.Task$Counter is deprecated. Use org.apache.hadoop.mapreduce.TaskCounter instead
2014-10-28 19:53:46,622 [pool-1-thread-1] INFO  org.apache.hadoop.util.ProcessTree - setsid exited with exit code 0
2014-10-28 19:53:46,648 [pool-1-thread-1] INFO  org.apache.hadoop.mapred.Task -  Using ResourceCalculatorPlugin : org.apache.hadoop.util.LinuxResourceCalculatorPlugin@79a93f38
2014-10-28 19:53:46,661 [pool-1-thread-1] INFO  org.apache.hadoop.mapred.MapTask - Processing split: Number of splits :1
Total Length = 286
Input split[0]:
   Length = 286
  Locations:

-----------------------

2014-10-28 19:53:46,678 [pool-1-thread-1] INFO  org.apache.pig.backend.hadoop.executionengine.mapReduceLayer.PigRecordReader - Current split being processed file:/home/cloudera/rakesh/project1/customers.pipe:0+286
2014-10-28 19:53:46,694 [pool-1-thread-1] INFO  org.apache.hadoop.mapred.MapTask - Map output collector class = org.apache.hadoop.mapred.MapTask$MapOutputBuffer
2014-10-28 19:53:46,696 [pool-1-thread-1] INFO  org.apache.hadoop.mapred.MapTask - io.sort.mb = 100
2014-10-28 19:53:46,784 [pool-1-thread-1] INFO  org.apache.hadoop.mapred.MapTask - data buffer = 79691776/99614720
2014-10-28 19:53:46,785 [pool-1-thread-1] INFO  org.apache.hadoop.mapred.MapTask - record buffer = 262144/327680
2014-10-28 19:53:46,804 [pool-1-thread-1] WARN  org.apache.hadoop.conf.Configuration - dfs.max.objects is deprecated. Instead, use dfs.namenode.max.objects
2014-10-28 19:53:46,806 [pool-1-thread-1] WARN  org.apache.hadoop.conf.Configuration - dfs.data.dir is deprecated. Instead, use dfs.datanode.data.dir
2014-10-28 19:53:46,806 [pool-1-thread-1] WARN  org.apache.hadoop.conf.Configuration - dfs.name.dir is deprecated. Instead, use dfs.namenode.name.dir
2014-10-28 19:53:46,806 [pool-1-thread-1] WARN  org.apache.hadoop.conf.Configuration - fs.checkpoint.dir is deprecated. Instead, use dfs.namenode.checkpoint.dir
2014-10-28 19:53:46,807 [pool-1-thread-1] WARN  org.apache.hadoop.conf.Configuration - dfs.block.size is deprecated. Instead, use dfs.blocksize
2014-10-28 19:53:46,807 [pool-1-thread-1] WARN  org.apache.hadoop.conf.Configuration - dfs.access.time.precision is deprecated. Instead, use dfs.namenode.accesstime.precision
2014-10-28 19:53:46,807 [pool-1-thread-1] WARN  org.apache.hadoop.conf.Configuration - dfs.replication.min is deprecated. Instead, use dfs.namenode.replication.min
2014-10-28 19:53:46,807 [pool-1-thread-1] WARN  org.apache.hadoop.conf.Configuration - dfs.name.edits.dir is deprecated. Instead, use dfs.namenode.edits.dir
2014-10-28 19:53:46,807 [pool-1-thread-1] WARN  org.apache.hadoop.conf.Configuration - dfs.replication.considerLoad is deprecated. Instead, use dfs.namenode.replication.considerLoad
2014-10-28 19:53:46,807 [pool-1-thread-1] WARN  org.apache.hadoop.conf.Configuration - dfs.balance.bandwidthPerSec is deprecated. Instead, use dfs.datanode.balance.bandwidthPerSec
2014-10-28 19:53:46,807 [pool-1-thread-1] WARN  org.apache.hadoop.conf.Configuration - dfs.safemode.threshold.pct is deprecated. Instead, use dfs.namenode.safemode.threshold-pct
2014-10-28 19:53:46,807 [pool-1-thread-1] WARN  org.apache.hadoop.conf.Configuration - dfs.http.address is deprecated. Instead, use dfs.namenode.http-address
2014-10-28 19:53:46,808 [pool-1-thread-1] WARN  org.apache.hadoop.conf.Configuration - dfs.name.dir.restore is deprecated. Instead, use dfs.namenode.name.dir.restore
2014-10-28 19:53:46,808 [pool-1-thread-1] WARN  org.apache.hadoop.conf.Configuration - dfs.https.client.keystore.resource is deprecated. Instead, use dfs.client.https.keystore.resource
2014-10-28 19:53:46,808 [pool-1-thread-1] WARN  org.apache.hadoop.conf.Configuration - dfs.backup.address is deprecated. Instead, use dfs.namenode.backup.address
2014-10-28 19:53:46,808 [pool-1-thread-1] WARN  org.apache.hadoop.conf.Configuration - dfs.backup.http.address is deprecated. Instead, use dfs.namenode.backup.http-address
2014-10-28 19:53:46,808 [pool-1-thread-1] WARN  org.apache.hadoop.conf.Configuration - dfs.permissions is deprecated. Instead, use dfs.permissions.enabled
2014-10-28 19:53:46,809 [pool-1-thread-1] WARN  org.apache.hadoop.conf.Configuration - dfs.safemode.extension is deprecated. Instead, use dfs.namenode.safemode.extension
2014-10-28 19:53:46,809 [pool-1-thread-1] WARN  org.apache.hadoop.conf.Configuration - dfs.datanode.max.xcievers is deprecated. Instead, use dfs.datanode.max.transfer.threads
2014-10-28 19:53:46,809 [pool-1-thread-1] WARN  org.apache.hadoop.conf.Configuration - dfs.https.need.client.auth is deprecated. Instead, use dfs.client.https.need-auth
2014-10-28 19:53:46,815 [pool-1-thread-1] WARN  org.apache.hadoop.conf.Configuration - dfs.https.address is deprecated. Instead, use dfs.namenode.https-address
2014-10-28 19:53:46,815 [pool-1-thread-1] WARN  org.apache.hadoop.conf.Configuration - dfs.replication.interval is deprecated. Instead, use dfs.namenode.replication.interval
2014-10-28 19:53:46,815 [pool-1-thread-1] WARN  org.apache.hadoop.conf.Configuration - fs.checkpoint.edits.dir is deprecated. Instead, use dfs.namenode.checkpoint.edits.dir
2014-10-28 19:53:46,815 [pool-1-thread-1] WARN  org.apache.hadoop.conf.Configuration - dfs.write.packet.size is deprecated. Instead, use dfs.client-write-packet-size
2014-10-28 19:53:46,815 [pool-1-thread-1] WARN  org.apache.hadoop.conf.Configuration - dfs.permissions.supergroup is deprecated. Instead, use dfs.permissions.superusergroup
2014-10-28 19:53:46,815 [pool-1-thread-1] WARN  org.apache.hadoop.conf.Configuration - dfs.secondary.http.address is deprecated. Instead, use dfs.namenode.secondary.http-address
2014-10-28 19:53:46,815 [pool-1-thread-1] WARN  org.apache.hadoop.conf.Configuration - fs.checkpoint.period is deprecated. Instead, use dfs.namenode.checkpoint.period
2014-10-28 19:53:46,832 [pool-1-thread-1] INFO  org.apache.pig.data.SchemaTupleBackend - Key [pig.schematuple] was not set... will not generate code.
2014-10-28 19:53:46,838 [main] INFO  org.apache.pig.backend.hadoop.executionengine.mapReduceLayer.MapReduceLauncher - HadoopJobId: job_local2101722236_0001
2014-10-28 19:53:46,838 [main] INFO  org.apache.pig.backend.hadoop.executionengine.mapReduceLayer.MapReduceLauncher - Processing aliases A
2014-10-28 19:53:46,838 [main] INFO  org.apache.pig.backend.hadoop.executionengine.mapReduceLayer.MapReduceLauncher - detailed locations: M: A[1,4],A[6,4] C:  R: 
2014-10-28 19:53:46,851 [pool-1-thread-1] INFO  org.apache.pig.backend.hadoop.executionengine.mapReduceLayer.PigGenericMapReduce$Map - Aliases being processed per job phase (AliasName[line,offset]): M: A[1,4],A[6,4] C:  R: 
2014-10-28 19:53:46,866 [pool-1-thread-1] INFO  org.apache.hadoop.mapred.LocalJobRunner - 
2014-10-28 19:53:46,866 [pool-1-thread-1] INFO  org.apache.hadoop.mapred.MapTask - Starting flush of map output
2014-10-28 19:53:46,888 [pool-1-thread-1] INFO  org.apache.hadoop.mapred.MapTask - Finished spill 0
2014-10-28 19:53:46,890 [pool-1-thread-1] INFO  org.apache.hadoop.mapred.Task - Task:attempt_local2101722236_0001_m_000000_0 is done. And is in the process of commiting
2014-10-28 19:53:46,896 [pool-1-thread-1] INFO  org.apache.hadoop.mapred.LocalJobRunner - 
2014-10-28 19:53:46,896 [pool-1-thread-1] INFO  org.apache.hadoop.mapred.Task - Task 'attempt_local2101722236_0001_m_000000_0' done.
2014-10-28 19:53:46,896 [pool-1-thread-1] INFO  org.apache.hadoop.mapred.LocalJobRunner - Finishing task: attempt_local2101722236_0001_m_000000_0
2014-10-28 19:53:46,896 [Thread-3] INFO  org.apache.hadoop.mapred.LocalJobRunner - Map task executor complete.
2014-10-28 19:53:46,900 [Thread-3] WARN  mapreduce.Counters - Group org.apache.hadoop.mapred.Task$Counter is deprecated. Use org.apache.hadoop.mapreduce.TaskCounter instead
2014-10-28 19:53:46,913 [Thread-3] INFO  org.apache.hadoop.mapred.Task -  Using ResourceCalculatorPlugin : org.apache.hadoop.util.LinuxResourceCalculatorPlugin@4f299f7e
2014-10-28 19:53:46,915 [Thread-3] INFO  org.apache.hadoop.mapred.LocalJobRunner - 
2014-10-28 19:53:46,919 [Thread-3] INFO  org.apache.hadoop.mapred.Merger - Merging 1 sorted segments
2014-10-28 19:53:46,927 [Thread-3] INFO  org.apache.hadoop.mapred.Merger - Down to the last merge-pass, with 1 segments left of total size: 387 bytes
2014-10-28 19:53:46,927 [Thread-3] INFO  org.apache.hadoop.mapred.LocalJobRunner - 
2014-10-28 19:53:46,955 [Thread-3] WARN  org.apache.pig.data.SchemaTupleBackend - SchemaTupleBackend has already been initialized
2014-10-28 19:53:46,960 [Thread-3] INFO  org.apache.pig.backend.hadoop.executionengine.mapReduceLayer.PigMapReduce$Reduce - Aliases being processed per job phase (AliasName[line,offset]): M: A[1,4],A[6,4] C:  R: 
2014-10-28 19:53:46,962 [Thread-3] INFO  org.apache.hadoop.mapred.Task - Task:attempt_local2101722236_0001_r_000000_0 is done. And is in the process of commiting
2014-10-28 19:53:46,972 [Thread-3] INFO  org.apache.hadoop.mapred.LocalJobRunner - 
2014-10-28 19:53:46,972 [Thread-3] INFO  org.apache.hadoop.mapred.Task - Task attempt_local2101722236_0001_r_000000_0 is allowed to commit now
2014-10-28 19:53:46,980 [Thread-3] INFO  org.apache.hadoop.mapreduce.lib.output.FileOutputCommitter - Saved output of task 'attempt_local2101722236_0001_r_000000_0' to /home/cloudera/rakesh/project1/clean/customers
2014-10-28 19:53:46,980 [Thread-3] INFO  org.apache.hadoop.mapred.LocalJobRunner - reduce > reduce
2014-10-28 19:53:46,980 [Thread-3] INFO  org.apache.hadoop.mapred.Task - Task 'attempt_local2101722236_0001_r_000000_0' done.
2014-10-28 19:53:51,358 [main] WARN  org.apache.pig.tools.pigstats.PigStatsUtil - Failed to get RunningJob for job job_local2101722236_0001
2014-10-28 19:53:51,360 [main] INFO  org.apache.pig.backend.hadoop.executionengine.mapReduceLayer.MapReduceLauncher - 100% complete
2014-10-28 19:53:51,361 [main] INFO  org.apache.pig.tools.pigstats.SimplePigStats - Detected Local mode. Stats reported below may be incomplete
2014-10-28 19:53:51,362 [main] INFO  org.apache.pig.tools.pigstats.SimplePigStats - Script Statistics: 

HadoopVersion	PigVersion	UserId	StartedAt	FinishedAt	Features
2.0.0-cdh4.4.0	0.11.0-cdh4.4.0	cloudera	2014-10-28 19:53:45	2014-10-28 19:53:51	DISTINCT,FILTER

Success!

Job Stats (time in seconds):
JobId	Alias	Feature	Outputs
job_local2101722236_0001	A	DISTINCT	/home/cloudera/rakesh/project1/clean/customers,

Input(s):
Successfully read records from: "/home/cloudera/rakesh/project1/customers.pipe"

Output(s):
Successfully stored records in: "/home/cloudera/rakesh/project1/clean/customers"

Job DAG:
job_local2101722236_0001


2014-10-28 19:53:51,362 [main] INFO  org.apache.pig.backend.hadoop.executionengine.mapReduceLayer.MapReduceLauncher - Success!
2014-10-28 19:53:51,406 [main] INFO  org.apache.pig.tools.pigstats.ScriptState - Pig features used in the script: GROUP_BY
2014-10-28 19:53:51,423 [main] INFO  org.apache.pig.backend.hadoop.executionengine.mapReduceLayer.MRCompiler - File concatenation threshold: 100 optimistic? false
2014-10-28 19:53:51,424 [main] INFO  org.apache.pig.backend.hadoop.executionengine.mapReduceLayer.CombinerOptimizer - Choosing to move algebraic foreach to combiner
2014-10-28 19:53:51,429 [main] INFO  org.apache.pig.backend.hadoop.executionengine.mapReduceLayer.MultiQueryOptimizer - MR plan size before optimization: 1
2014-10-28 19:53:51,429 [main] INFO  org.apache.pig.backend.hadoop.executionengine.mapReduceLayer.MultiQueryOptimizer - MR plan size after optimization: 1
2014-10-28 19:53:51,429 [main] INFO  org.apache.hadoop.metrics.jvm.JvmMetrics - Cannot initialize JVM Metrics with processName=JobTracker, sessionId= - already initialized
2014-10-28 19:53:51,430 [main] INFO  org.apache.pig.tools.pigstats.ScriptState - Pig script settings are added to the job
2014-10-28 19:53:51,433 [main] INFO  org.apache.pig.backend.hadoop.executionengine.mapReduceLayer.JobControlCompiler - mapred.job.reduce.markreset.buffer.percent is not set, set to default 0.3
2014-10-28 19:53:51,433 [main] INFO  org.apache.pig.backend.hadoop.executionengine.mapReduceLayer.JobControlCompiler - Setting Parallelism to 1
2014-10-28 19:53:51,442 [main] INFO  org.apache.pig.backend.hadoop.executionengine.mapReduceLayer.JobControlCompiler - Setting up single store job
2014-10-28 19:53:51,443 [main] INFO  org.apache.pig.data.SchemaTupleFrontend - Key [pig.schematuple] is false, will not generate code.
2014-10-28 19:53:51,443 [main] INFO  org.apache.pig.data.SchemaTupleFrontend - Starting process to move generated code to distributed cacche
2014-10-28 19:53:51,443 [main] INFO  org.apache.pig.data.SchemaTupleFrontend - Distributed cache not supported or needed in local mode. Setting key [pig.schematuple.local.dir] with code temp directory: /tmp/1414544031443-0
2014-10-28 19:53:51,487 [main] INFO  org.apache.pig.backend.hadoop.executionengine.mapReduceLayer.MapReduceLauncher - 1 map-reduce job(s) waiting for submission.
2014-10-28 19:53:51,491 [JobControl] INFO  org.apache.hadoop.metrics.jvm.JvmMetrics - Cannot initialize JVM Metrics with processName=JobTracker, sessionId= - already initialized
2014-10-28 19:53:51,492 [JobControl] WARN  org.apache.hadoop.mapred.JobClient - Use GenericOptionsParser for parsing the arguments. Applications should implement Tool for the same.
2014-10-28 19:53:51,493 [JobControl] WARN  org.apache.hadoop.mapred.JobClient - No job jar file set.  User classes may not be found. See JobConf(Class) or JobConf#setJar(String).
2014-10-28 19:53:51,512 [JobControl] INFO  org.apache.hadoop.mapreduce.lib.input.FileInputFormat - Total input paths to process : 1
2014-10-28 19:53:51,512 [JobControl] INFO  org.apache.pig.backend.hadoop.executionengine.util.MapRedUtil - Total input paths to process : 1
2014-10-28 19:53:51,512 [JobControl] INFO  org.apache.pig.backend.hadoop.executionengine.util.MapRedUtil - Total input paths (combined) to process : 1
2014-10-28 19:53:51,604 [Thread-10] INFO  org.apache.hadoop.mapred.LocalJobRunner - OutputCommitter set in config null
2014-10-28 19:53:51,612 [Thread-10] WARN  org.apache.hadoop.conf.Configuration - dfs.df.interval is deprecated. Instead, use fs.df.interval
2014-10-28 19:53:51,612 [Thread-10] WARN  org.apache.hadoop.conf.Configuration - hadoop.native.lib is deprecated. Instead, use io.native.lib.available
2014-10-28 19:53:51,612 [Thread-10] WARN  org.apache.hadoop.conf.Configuration - fs.default.name is deprecated. Instead, use fs.defaultFS
2014-10-28 19:53:51,613 [Thread-10] WARN  org.apache.hadoop.conf.Configuration - topology.script.number.args is deprecated. Instead, use net.topology.script.number.args
2014-10-28 19:53:51,613 [Thread-10] WARN  org.apache.hadoop.conf.Configuration - dfs.umaskmode is deprecated. Instead, use fs.permissions.umask-mode
2014-10-28 19:53:51,613 [Thread-10] WARN  org.apache.hadoop.conf.Configuration - topology.node.switch.mapping.impl is deprecated. Instead, use net.topology.node.switch.mapping.impl
2014-10-28 19:53:51,613 [Thread-10] WARN  org.apache.hadoop.conf.Configuration - io.bytes.per.checksum is deprecated. Instead, use dfs.bytes-per-checksum
2014-10-28 19:53:51,613 [Thread-10] INFO  org.apache.hadoop.mapred.LocalJobRunner - OutputCommitter is org.apache.pig.backend.hadoop.executionengine.mapReduceLayer.PigOutputCommitter
2014-10-28 19:53:51,619 [Thread-10] INFO  org.apache.hadoop.mapred.LocalJobRunner - Waiting for map tasks
2014-10-28 19:53:51,620 [pool-4-thread-1] INFO  org.apache.hadoop.mapred.LocalJobRunner - Starting task: attempt_local306874824_0002_m_000000_0
2014-10-28 19:53:51,620 [pool-4-thread-1] WARN  mapreduce.Counters - Group org.apache.hadoop.mapred.Task$Counter is deprecated. Use org.apache.hadoop.mapreduce.TaskCounter instead
2014-10-28 19:53:51,642 [pool-4-thread-1] INFO  org.apache.hadoop.mapred.Task -  Using ResourceCalculatorPlugin : org.apache.hadoop.util.LinuxResourceCalculatorPlugin@4ed7581b
2014-10-28 19:53:51,643 [pool-4-thread-1] INFO  org.apache.hadoop.mapred.MapTask - Processing split: Number of splits :1
Total Length = 243
Input split[0]:
   Length = 243
  Locations:

-----------------------

2014-10-28 19:53:51,646 [pool-4-thread-1] INFO  org.apache.pig.backend.hadoop.executionengine.mapReduceLayer.PigRecordReader - Current split being processed file:/home/cloudera/rakesh/project1/clean/customers/part-r-00000:0+243
2014-10-28 19:53:51,646 [pool-4-thread-1] INFO  org.apache.hadoop.mapred.MapTask - Map output collector class = org.apache.hadoop.mapred.MapTask$MapOutputBuffer
2014-10-28 19:53:51,646 [pool-4-thread-1] INFO  org.apache.hadoop.mapred.MapTask - io.sort.mb = 100
2014-10-28 19:53:51,720 [pool-4-thread-1] INFO  org.apache.hadoop.mapred.MapTask - data buffer = 79691776/99614720
2014-10-28 19:53:51,720 [pool-4-thread-1] INFO  org.apache.hadoop.mapred.MapTask - record buffer = 262144/327680
2014-10-28 19:53:51,722 [pool-4-thread-1] WARN  org.apache.hadoop.conf.Configuration - dfs.https.address is deprecated. Instead, use dfs.namenode.https-address
2014-10-28 19:53:51,739 [pool-4-thread-1] INFO  org.apache.pig.data.SchemaTupleBackend - Key [pig.schematuple] was not set... will not generate code.
2014-10-28 19:53:51,746 [pool-4-thread-1] INFO  org.apache.pig.backend.hadoop.executionengine.mapReduceLayer.PigGenericMapReduce$Map - Aliases being processed per job phase (AliasName[line,offset]): M: cust1[14,8],cust_count1[21,14],cust_grp1[18,12] C: cust_count1[21,14],cust_grp1[18,12] R: cust_count1[21,14]
2014-10-28 19:53:51,756 [pool-4-thread-1] INFO  org.apache.hadoop.mapred.LocalJobRunner - 
2014-10-28 19:53:51,756 [pool-4-thread-1] INFO  org.apache.hadoop.mapred.MapTask - Starting flush of map output
2014-10-28 19:53:51,770 [pool-4-thread-1] INFO  org.apache.pig.backend.hadoop.executionengine.mapReduceLayer.PigCombiner$Combine - Aliases being processed per job phase (AliasName[line,offset]): M: cust1[14,8],cust_count1[21,14],cust_grp1[18,12] C: cust_count1[21,14],cust_grp1[18,12] R: cust_count1[21,14]
2014-10-28 19:53:51,775 [pool-4-thread-1] INFO  org.apache.hadoop.mapred.MapTask - Finished spill 0
2014-10-28 19:53:51,776 [pool-4-thread-1] INFO  org.apache.hadoop.mapred.Task - Task:attempt_local306874824_0002_m_000000_0 is done. And is in the process of commiting
2014-10-28 19:53:51,777 [pool-4-thread-1] INFO  org.apache.hadoop.mapred.LocalJobRunner - 
2014-10-28 19:53:51,777 [pool-4-thread-1] INFO  org.apache.hadoop.mapred.Task - Task 'attempt_local306874824_0002_m_000000_0' done.
2014-10-28 19:53:51,777 [pool-4-thread-1] INFO  org.apache.hadoop.mapred.LocalJobRunner - Finishing task: attempt_local306874824_0002_m_000000_0
2014-10-28 19:53:51,777 [Thread-10] INFO  org.apache.hadoop.mapred.LocalJobRunner - Map task executor complete.
2014-10-28 19:53:51,778 [Thread-10] WARN  mapreduce.Counters - Group org.apache.hadoop.mapred.Task$Counter is deprecated. Use org.apache.hadoop.mapreduce.TaskCounter instead
2014-10-28 19:53:51,786 [Thread-10] INFO  org.apache.hadoop.mapred.Task -  Using ResourceCalculatorPlugin : org.apache.hadoop.util.LinuxResourceCalculatorPlugin@47098a
2014-10-28 19:53:51,787 [Thread-10] INFO  org.apache.hadoop.mapred.LocalJobRunner - 
2014-10-28 19:53:51,793 [Thread-10] INFO  org.apache.hadoop.mapred.Merger - Merging 1 sorted segments
2014-10-28 19:53:51,796 [Thread-10] INFO  org.apache.hadoop.mapred.Merger - Down to the last merge-pass, with 1 segments left of total size: 16 bytes
2014-10-28 19:53:51,796 [Thread-10] INFO  org.apache.hadoop.mapred.LocalJobRunner - 
2014-10-28 19:53:51,816 [Thread-10] WARN  org.apache.pig.data.SchemaTupleBackend - SchemaTupleBackend has already been initialized
2014-10-28 19:53:51,842 [Thread-10] INFO  org.apache.pig.backend.hadoop.executionengine.mapReduceLayer.PigMapReduce$Reduce - Aliases being processed per job phase (AliasName[line,offset]): M: cust1[14,8],cust_count1[21,14],cust_grp1[18,12] C: cust_count1[21,14],cust_grp1[18,12] R: cust_count1[21,14]
2014-10-28 19:53:51,844 [Thread-10] INFO  org.apache.hadoop.mapred.Task - Task:attempt_local306874824_0002_r_000000_0 is done. And is in the process of commiting
2014-10-28 19:53:51,855 [Thread-10] INFO  org.apache.hadoop.mapred.LocalJobRunner - 
2014-10-28 19:53:51,855 [Thread-10] INFO  org.apache.hadoop.mapred.Task - Task attempt_local306874824_0002_r_000000_0 is allowed to commit now
2014-10-28 19:53:51,862 [Thread-10] INFO  org.apache.hadoop.mapreduce.lib.output.FileOutputCommitter - Saved output of task 'attempt_local306874824_0002_r_000000_0' to /home/cloudera/rakesh/project1/output/cust_count
2014-10-28 19:53:51,862 [Thread-10] INFO  org.apache.hadoop.mapred.LocalJobRunner - reduce > reduce
2014-10-28 19:53:51,862 [Thread-10] INFO  org.apache.hadoop.mapred.Task - Task 'attempt_local306874824_0002_r_000000_0' done.
2014-10-28 19:53:51,991 [main] INFO  org.apache.pig.backend.hadoop.executionengine.mapReduceLayer.MapReduceLauncher - HadoopJobId: job_local306874824_0002
2014-10-28 19:53:51,991 [main] INFO  org.apache.pig.backend.hadoop.executionengine.mapReduceLayer.MapReduceLauncher - Processing aliases cust1,cust_count1,cust_grp1
2014-10-28 19:53:51,991 [main] INFO  org.apache.pig.backend.hadoop.executionengine.mapReduceLayer.MapReduceLauncher - detailed locations: M: cust1[14,8],cust_count1[21,14],cust_grp1[18,12] C: cust_count1[21,14],cust_grp1[18,12] R: cust_count1[21,14]
2014-10-28 19:53:51,993 [main] INFO  org.apache.pig.backend.hadoop.executionengine.mapReduceLayer.MapReduceLauncher - 0% complete
2014-10-28 19:53:56,999 [main] WARN  org.apache.pig.tools.pigstats.PigStatsUtil - Failed to get RunningJob for job job_local306874824_0002
2014-10-28 19:53:56,999 [main] INFO  org.apache.pig.backend.hadoop.executionengine.mapReduceLayer.MapReduceLauncher - 100% complete
2014-10-28 19:53:56,999 [main] INFO  org.apache.pig.tools.pigstats.SimplePigStats - Detected Local mode. Stats reported below may be incomplete
2014-10-28 19:53:56,999 [main] INFO  org.apache.pig.tools.pigstats.SimplePigStats - Script Statistics: 

HadoopVersion	PigVersion	UserId	StartedAt	FinishedAt	Features
2.0.0-cdh4.4.0	0.11.0-cdh4.4.0	cloudera	2014-10-28 19:53:51	2014-10-28 19:53:56	GROUP_BY

Success!

Job Stats (time in seconds):
JobId	Alias	Feature	Outputs
job_local306874824_0002	cust1,cust_count1,cust_grp1	GROUP_BY,COMBINER	/home/cloudera/rakesh/project1/output/cust_count,

Input(s):
Successfully read records from: "/home/cloudera/rakesh/project1/clean/customers"

Output(s):
Successfully stored records in: "/home/cloudera/rakesh/project1/output/cust_count"

Job DAG:
job_local306874824_0002


2014-10-28 19:53:57,000 [main] INFO  org.apache.pig.backend.hadoop.executionengine.mapReduceLayer.MapReduceLauncher - Success!
