2014-10-28 20:02:20,192 [main] INFO  org.apache.pig.Main - Apache Pig version 0.11.0-cdh4.4.0 (rexported) compiled Sep 03 2013, 20:25:46
2014-10-28 20:02:20,198 [main] INFO  org.apache.pig.Main - Logging error messages to: /home/cloudera/rakesh/project1/pig_1414544540189.log
2014-10-28 20:02:20,951 [main] INFO  org.apache.pig.impl.util.Utils - Default bootup file /home/cloudera/.pigbootup not found
2014-10-28 20:02:21,107 [main] WARN  org.apache.hadoop.conf.Configuration - fs.default.name is deprecated. Instead, use fs.defaultFS
2014-10-28 20:02:21,115 [main] INFO  org.apache.pig.backend.hadoop.executionengine.HExecutionEngine - Connecting to hadoop file system at: file:///
2014-10-28 20:02:21,665 [main] WARN  org.apache.hadoop.conf.Configuration - io.bytes.per.checksum is deprecated. Instead, use dfs.bytes-per-checksum
2014-10-28 20:02:21,666 [main] WARN  org.apache.hadoop.conf.Configuration - dfs.umaskmode is deprecated. Instead, use fs.permissions.umask-mode
2014-10-28 20:02:21,668 [main] WARN  org.apache.hadoop.conf.Configuration - topology.node.switch.mapping.impl is deprecated. Instead, use net.topology.node.switch.mapping.impl
2014-10-28 20:02:21,668 [main] WARN  org.apache.hadoop.conf.Configuration - dfs.df.interval is deprecated. Instead, use fs.df.interval
2014-10-28 20:02:21,669 [main] WARN  org.apache.hadoop.conf.Configuration - topology.script.number.args is deprecated. Instead, use net.topology.script.number.args
2014-10-28 20:02:21,669 [main] WARN  org.apache.hadoop.conf.Configuration - hadoop.native.lib is deprecated. Instead, use io.native.lib.available
2014-10-28 20:02:21,767 [main] INFO  org.apache.pig.tools.pigstats.ScriptState - Pig features used in the script: FILTER
2014-10-28 20:02:22,113 [main] INFO  org.apache.pig.backend.hadoop.executionengine.mapReduceLayer.MRCompiler - File concatenation threshold: 100 optimistic? false
2014-10-28 20:02:22,145 [main] INFO  org.apache.pig.backend.hadoop.executionengine.mapReduceLayer.MultiQueryOptimizer - MR plan size before optimization: 1
2014-10-28 20:02:22,146 [main] INFO  org.apache.pig.backend.hadoop.executionengine.mapReduceLayer.MultiQueryOptimizer - MR plan size after optimization: 1
2014-10-28 20:02:22,197 [main] WARN  org.apache.hadoop.conf.Configuration - session.id is deprecated. Instead, use dfs.metrics.session-id
2014-10-28 20:02:22,198 [main] INFO  org.apache.hadoop.metrics.jvm.JvmMetrics - Initializing JVM Metrics with processName=JobTracker, sessionId=
2014-10-28 20:02:22,222 [main] WARN  org.apache.pig.backend.hadoop23.PigJobControl - falling back to default JobControl (not using hadoop 0.23 ?)
java.lang.NoSuchFieldException: jobsInProgress
	at java.lang.Class.getDeclaredField(Class.java:1882)
	at org.apache.pig.backend.hadoop23.PigJobControl.<clinit>(PigJobControl.java:58)
	at org.apache.pig.backend.hadoop.executionengine.shims.HadoopShims.newJobControl(HadoopShims.java:102)
	at org.apache.pig.backend.hadoop.executionengine.mapReduceLayer.JobControlCompiler.compile(JobControlCompiler.java:285)
	at org.apache.pig.backend.hadoop.executionengine.mapReduceLayer.MapReduceLauncher.launchPig(MapReduceLauncher.java:177)
	at org.apache.pig.PigServer.launchPlan(PigServer.java:1266)
	at org.apache.pig.PigServer.executeCompiledLogicalPlan(PigServer.java:1251)
	at org.apache.pig.PigServer.storeEx(PigServer.java:933)
	at org.apache.pig.PigServer.store(PigServer.java:900)
	at org.apache.pig.PigServer.openIterator(PigServer.java:813)
	at org.apache.pig.tools.grunt.GruntParser.processDump(GruntParser.java:696)
	at org.apache.pig.tools.pigscript.parser.PigScriptParser.parse(PigScriptParser.java:320)
	at org.apache.pig.tools.grunt.GruntParser.parseStopOnError(GruntParser.java:194)
	at org.apache.pig.tools.grunt.GruntParser.parseStopOnError(GruntParser.java:170)
	at org.apache.pig.tools.grunt.Grunt.exec(Grunt.java:84)
	at org.apache.pig.Main.run(Main.java:604)
	at org.apache.pig.Main.main(Main.java:157)
	at sun.reflect.NativeMethodAccessorImpl.invoke0(Native Method)
	at sun.reflect.NativeMethodAccessorImpl.invoke(NativeMethodAccessorImpl.java:39)
	at sun.reflect.DelegatingMethodAccessorImpl.invoke(DelegatingMethodAccessorImpl.java:25)
	at java.lang.reflect.Method.invoke(Method.java:597)
	at org.apache.hadoop.util.RunJar.main(RunJar.java:208)
2014-10-28 20:02:22,226 [main] INFO  org.apache.pig.tools.pigstats.ScriptState - Pig script settings are added to the job
2014-10-28 20:02:22,239 [main] INFO  org.apache.pig.backend.hadoop.executionengine.mapReduceLayer.JobControlCompiler - mapred.job.reduce.markreset.buffer.percent is not set, set to default 0.3
2014-10-28 20:02:22,243 [main] INFO  org.apache.pig.backend.hadoop.executionengine.mapReduceLayer.JobControlCompiler - Using reducer estimator: org.apache.pig.backend.hadoop.executionengine.mapReduceLayer.InputSizeReducerEstimator
2014-10-28 20:02:22,249 [main] INFO  org.apache.pig.backend.hadoop.executionengine.mapReduceLayer.InputSizeReducerEstimator - BytesPerReducer=1000000000 maxReducers=999 totalInputFileSize=445
2014-10-28 20:02:22,249 [main] INFO  org.apache.pig.backend.hadoop.executionengine.mapReduceLayer.JobControlCompiler - Setting Parallelism to 1
2014-10-28 20:02:22,329 [main] INFO  org.apache.pig.backend.hadoop.executionengine.mapReduceLayer.JobControlCompiler - Setting up single store job
2014-10-28 20:02:22,348 [main] INFO  org.apache.pig.data.SchemaTupleFrontend - Key [pig.schematuple] is false, will not generate code.
2014-10-28 20:02:22,353 [main] INFO  org.apache.pig.data.SchemaTupleFrontend - Starting process to move generated code to distributed cacche
2014-10-28 20:02:22,353 [main] INFO  org.apache.pig.data.SchemaTupleFrontend - Distributed cache not supported or needed in local mode. Setting key [pig.schematuple.local.dir] with code temp directory: /tmp/1414544542348-0
2014-10-28 20:02:22,420 [main] INFO  org.apache.pig.backend.hadoop.executionengine.mapReduceLayer.MapReduceLauncher - 1 map-reduce job(s) waiting for submission.
2014-10-28 20:02:22,430 [JobControl] INFO  org.apache.hadoop.metrics.jvm.JvmMetrics - Cannot initialize JVM Metrics with processName=JobTracker, sessionId= - already initialized
2014-10-28 20:02:22,469 [JobControl] WARN  org.apache.hadoop.mapred.JobClient - Use GenericOptionsParser for parsing the arguments. Applications should implement Tool for the same.
2014-10-28 20:02:22,473 [JobControl] WARN  org.apache.hadoop.mapred.JobClient - No job jar file set.  User classes may not be found. See JobConf(Class) or JobConf#setJar(String).
2014-10-28 20:02:22,531 [JobControl] WARN  org.apache.hadoop.conf.Configuration - fs.default.name is deprecated. Instead, use fs.defaultFS
2014-10-28 20:02:22,531 [JobControl] WARN  org.apache.hadoop.conf.Configuration - io.bytes.per.checksum is deprecated. Instead, use dfs.bytes-per-checksum
2014-10-28 20:02:22,584 [JobControl] INFO  org.apache.hadoop.mapreduce.lib.input.FileInputFormat - Total input paths to process : 1
2014-10-28 20:02:22,585 [JobControl] INFO  org.apache.pig.backend.hadoop.executionengine.util.MapRedUtil - Total input paths to process : 1
2014-10-28 20:02:22,615 [JobControl] INFO  org.apache.pig.backend.hadoop.executionengine.util.MapRedUtil - Total input paths (combined) to process : 1
2014-10-28 20:02:22,926 [main] INFO  org.apache.pig.backend.hadoop.executionengine.mapReduceLayer.MapReduceLauncher - 0% complete
2014-10-28 20:02:23,114 [Thread-3] INFO  org.apache.hadoop.mapred.LocalJobRunner - OutputCommitter set in config null
2014-10-28 20:02:23,166 [Thread-3] WARN  org.apache.hadoop.conf.Configuration - dfs.df.interval is deprecated. Instead, use fs.df.interval
2014-10-28 20:02:23,170 [Thread-3] WARN  org.apache.hadoop.conf.Configuration - hadoop.native.lib is deprecated. Instead, use io.native.lib.available
2014-10-28 20:02:23,170 [Thread-3] WARN  org.apache.hadoop.conf.Configuration - fs.default.name is deprecated. Instead, use fs.defaultFS
2014-10-28 20:02:23,171 [Thread-3] WARN  org.apache.hadoop.conf.Configuration - topology.script.number.args is deprecated. Instead, use net.topology.script.number.args
2014-10-28 20:02:23,177 [Thread-3] WARN  org.apache.hadoop.conf.Configuration - dfs.umaskmode is deprecated. Instead, use fs.permissions.umask-mode
2014-10-28 20:02:23,177 [Thread-3] WARN  org.apache.hadoop.conf.Configuration - topology.node.switch.mapping.impl is deprecated. Instead, use net.topology.node.switch.mapping.impl
2014-10-28 20:02:23,177 [Thread-3] WARN  org.apache.hadoop.conf.Configuration - io.bytes.per.checksum is deprecated. Instead, use dfs.bytes-per-checksum
2014-10-28 20:02:23,178 [Thread-3] INFO  org.apache.hadoop.mapred.LocalJobRunner - OutputCommitter is org.apache.pig.backend.hadoop.executionengine.mapReduceLayer.PigOutputCommitter
2014-10-28 20:02:23,236 [Thread-3] INFO  org.apache.hadoop.mapred.LocalJobRunner - Waiting for map tasks
2014-10-28 20:02:23,237 [pool-1-thread-1] INFO  org.apache.hadoop.mapred.LocalJobRunner - Starting task: attempt_local1879336100_0001_m_000000_0
2014-10-28 20:02:23,317 [pool-1-thread-1] WARN  mapreduce.Counters - Group org.apache.hadoop.mapred.Task$Counter is deprecated. Use org.apache.hadoop.mapreduce.TaskCounter instead
2014-10-28 20:02:23,485 [pool-1-thread-1] INFO  org.apache.hadoop.util.ProcessTree - setsid exited with exit code 0
2014-10-28 20:02:23,520 [pool-1-thread-1] INFO  org.apache.hadoop.mapred.Task -  Using ResourceCalculatorPlugin : org.apache.hadoop.util.LinuxResourceCalculatorPlugin@4453d3cf
2014-10-28 20:02:23,528 [pool-1-thread-1] INFO  org.apache.hadoop.mapred.MapTask - Processing split: Number of splits :1
Total Length = 445
Input split[0]:
   Length = 445
  Locations:

-----------------------

2014-10-28 20:02:23,556 [pool-1-thread-1] INFO  org.apache.pig.backend.hadoop.executionengine.mapReduceLayer.PigRecordReader - Current split being processed file:/home/cloudera/rakesh/project1/output/customer-orders/part-r-00000:0+445
2014-10-28 20:02:23,569 [pool-1-thread-1] WARN  org.apache.hadoop.conf.Configuration - dfs.max.objects is deprecated. Instead, use dfs.namenode.max.objects
2014-10-28 20:02:23,569 [pool-1-thread-1] WARN  org.apache.hadoop.conf.Configuration - dfs.data.dir is deprecated. Instead, use dfs.datanode.data.dir
2014-10-28 20:02:23,569 [pool-1-thread-1] WARN  org.apache.hadoop.conf.Configuration - dfs.name.dir is deprecated. Instead, use dfs.namenode.name.dir
2014-10-28 20:02:23,569 [pool-1-thread-1] WARN  org.apache.hadoop.conf.Configuration - fs.checkpoint.dir is deprecated. Instead, use dfs.namenode.checkpoint.dir
2014-10-28 20:02:23,570 [pool-1-thread-1] WARN  org.apache.hadoop.conf.Configuration - dfs.block.size is deprecated. Instead, use dfs.blocksize
2014-10-28 20:02:23,570 [pool-1-thread-1] WARN  org.apache.hadoop.conf.Configuration - dfs.access.time.precision is deprecated. Instead, use dfs.namenode.accesstime.precision
2014-10-28 20:02:23,570 [pool-1-thread-1] WARN  org.apache.hadoop.conf.Configuration - dfs.replication.min is deprecated. Instead, use dfs.namenode.replication.min
2014-10-28 20:02:23,571 [pool-1-thread-1] WARN  org.apache.hadoop.conf.Configuration - dfs.name.edits.dir is deprecated. Instead, use dfs.namenode.edits.dir
2014-10-28 20:02:23,571 [pool-1-thread-1] WARN  org.apache.hadoop.conf.Configuration - dfs.replication.considerLoad is deprecated. Instead, use dfs.namenode.replication.considerLoad
2014-10-28 20:02:23,577 [pool-1-thread-1] WARN  org.apache.hadoop.conf.Configuration - dfs.balance.bandwidthPerSec is deprecated. Instead, use dfs.datanode.balance.bandwidthPerSec
2014-10-28 20:02:23,577 [pool-1-thread-1] WARN  org.apache.hadoop.conf.Configuration - dfs.safemode.threshold.pct is deprecated. Instead, use dfs.namenode.safemode.threshold-pct
2014-10-28 20:02:23,577 [pool-1-thread-1] WARN  org.apache.hadoop.conf.Configuration - dfs.http.address is deprecated. Instead, use dfs.namenode.http-address
2014-10-28 20:02:23,578 [pool-1-thread-1] WARN  org.apache.hadoop.conf.Configuration - dfs.name.dir.restore is deprecated. Instead, use dfs.namenode.name.dir.restore
2014-10-28 20:02:23,578 [pool-1-thread-1] WARN  org.apache.hadoop.conf.Configuration - dfs.https.client.keystore.resource is deprecated. Instead, use dfs.client.https.keystore.resource
2014-10-28 20:02:23,578 [pool-1-thread-1] WARN  org.apache.hadoop.conf.Configuration - dfs.backup.address is deprecated. Instead, use dfs.namenode.backup.address
2014-10-28 20:02:23,578 [pool-1-thread-1] WARN  org.apache.hadoop.conf.Configuration - dfs.backup.http.address is deprecated. Instead, use dfs.namenode.backup.http-address
2014-10-28 20:02:23,578 [pool-1-thread-1] WARN  org.apache.hadoop.conf.Configuration - dfs.permissions is deprecated. Instead, use dfs.permissions.enabled
2014-10-28 20:02:23,578 [pool-1-thread-1] WARN  org.apache.hadoop.conf.Configuration - dfs.safemode.extension is deprecated. Instead, use dfs.namenode.safemode.extension
2014-10-28 20:02:23,578 [pool-1-thread-1] WARN  org.apache.hadoop.conf.Configuration - dfs.datanode.max.xcievers is deprecated. Instead, use dfs.datanode.max.transfer.threads
2014-10-28 20:02:23,578 [pool-1-thread-1] WARN  org.apache.hadoop.conf.Configuration - dfs.https.need.client.auth is deprecated. Instead, use dfs.client.https.need-auth
2014-10-28 20:02:23,578 [pool-1-thread-1] WARN  org.apache.hadoop.conf.Configuration - dfs.https.address is deprecated. Instead, use dfs.namenode.https-address
2014-10-28 20:02:23,578 [pool-1-thread-1] WARN  org.apache.hadoop.conf.Configuration - dfs.replication.interval is deprecated. Instead, use dfs.namenode.replication.interval
2014-10-28 20:02:23,578 [pool-1-thread-1] WARN  org.apache.hadoop.conf.Configuration - fs.checkpoint.edits.dir is deprecated. Instead, use dfs.namenode.checkpoint.edits.dir
2014-10-28 20:02:23,579 [pool-1-thread-1] WARN  org.apache.hadoop.conf.Configuration - dfs.write.packet.size is deprecated. Instead, use dfs.client-write-packet-size
2014-10-28 20:02:23,579 [pool-1-thread-1] WARN  org.apache.hadoop.conf.Configuration - dfs.permissions.supergroup is deprecated. Instead, use dfs.permissions.superusergroup
2014-10-28 20:02:23,584 [pool-1-thread-1] WARN  org.apache.hadoop.conf.Configuration - dfs.secondary.http.address is deprecated. Instead, use dfs.namenode.secondary.http-address
2014-10-28 20:02:23,584 [pool-1-thread-1] WARN  org.apache.hadoop.conf.Configuration - fs.checkpoint.period is deprecated. Instead, use dfs.namenode.checkpoint.period
2014-10-28 20:02:23,615 [main] INFO  org.apache.pig.backend.hadoop.executionengine.mapReduceLayer.MapReduceLauncher - HadoopJobId: job_local1879336100_0001
2014-10-28 20:02:23,615 [main] INFO  org.apache.pig.backend.hadoop.executionengine.mapReduceLayer.MapReduceLauncher - Processing aliases fltrd,ords
2014-10-28 20:02:23,615 [main] INFO  org.apache.pig.backend.hadoop.executionengine.mapReduceLayer.MapReduceLauncher - detailed locations: M: ords[1,7],ords[-1,-1],fltrd[4,8] C:  R: 
2014-10-28 20:02:23,645 [pool-1-thread-1] INFO  org.apache.pig.data.SchemaTupleBackend - Key [pig.schematuple] was not set... will not generate code.
2014-10-28 20:02:23,706 [pool-1-thread-1] INFO  org.apache.pig.backend.hadoop.executionengine.mapReduceLayer.PigMapOnly$Map - Aliases being processed per job phase (AliasName[line,offset]): M: ords[1,7],ords[-1,-1],fltrd[4,8] C:  R: 
2014-10-28 20:02:23,747 [pool-1-thread-1] INFO  org.apache.hadoop.mapred.LocalJobRunner - 
2014-10-28 20:02:23,751 [pool-1-thread-1] INFO  org.apache.hadoop.mapred.Task - Task:attempt_local1879336100_0001_m_000000_0 is done. And is in the process of commiting
2014-10-28 20:02:23,779 [pool-1-thread-1] INFO  org.apache.hadoop.mapred.LocalJobRunner - 
2014-10-28 20:02:23,779 [pool-1-thread-1] INFO  org.apache.hadoop.mapred.Task - Task attempt_local1879336100_0001_m_000000_0 is allowed to commit now
2014-10-28 20:02:23,784 [pool-1-thread-1] INFO  org.apache.hadoop.mapreduce.lib.output.FileOutputCommitter - Saved output of task 'attempt_local1879336100_0001_m_000000_0' to file:/tmp/temp-913019679/tmp1610392018
2014-10-28 20:02:23,788 [pool-1-thread-1] INFO  org.apache.hadoop.mapred.LocalJobRunner - 
2014-10-28 20:02:23,788 [pool-1-thread-1] INFO  org.apache.hadoop.mapred.Task - Task 'attempt_local1879336100_0001_m_000000_0' done.
2014-10-28 20:02:23,788 [pool-1-thread-1] INFO  org.apache.hadoop.mapred.LocalJobRunner - Finishing task: attempt_local1879336100_0001_m_000000_0
2014-10-28 20:02:23,788 [Thread-3] INFO  org.apache.hadoop.mapred.LocalJobRunner - Map task executor complete.
2014-10-28 20:02:28,124 [main] WARN  org.apache.pig.tools.pigstats.PigStatsUtil - Failed to get RunningJob for job job_local1879336100_0001
2014-10-28 20:02:28,126 [main] INFO  org.apache.pig.backend.hadoop.executionengine.mapReduceLayer.MapReduceLauncher - 100% complete
2014-10-28 20:02:28,126 [main] INFO  org.apache.pig.tools.pigstats.SimplePigStats - Detected Local mode. Stats reported below may be incomplete
2014-10-28 20:02:28,128 [main] INFO  org.apache.pig.tools.pigstats.SimplePigStats - Script Statistics: 

HadoopVersion	PigVersion	UserId	StartedAt	FinishedAt	Features
2.0.0-cdh4.4.0	0.11.0-cdh4.4.0	cloudera	2014-10-28 20:02:22	2014-10-28 20:02:28	FILTER

Success!

Job Stats (time in seconds):
JobId	Alias	Feature	Outputs
job_local1879336100_0001	fltrd,ords	MAP_ONLY	file:/tmp/temp-913019679/tmp1610392018,

Input(s):
Successfully read records from: "/home/cloudera/rakesh/project1/output/customer-orders"

Output(s):
Successfully stored records in: "file:/tmp/temp-913019679/tmp1610392018"

Job DAG:
job_local1879336100_0001


2014-10-28 20:02:28,128 [main] INFO  org.apache.pig.backend.hadoop.executionengine.mapReduceLayer.MapReduceLauncher - Success!
2014-10-28 20:02:28,130 [main] WARN  org.apache.pig.data.SchemaTupleBackend - SchemaTupleBackend has already been initialized
2014-10-28 20:02:28,137 [main] INFO  org.apache.hadoop.mapreduce.lib.input.FileInputFormat - Total input paths to process : 1
2014-10-28 20:02:28,138 [main] INFO  org.apache.pig.backend.hadoop.executionengine.util.MapRedUtil - Total input paths to process : 1
