2014-10-28 19:59:35,795 [main] INFO  org.apache.pig.Main - Apache Pig version 0.11.0-cdh4.4.0 (rexported) compiled Sep 03 2013, 20:25:46
2014-10-28 19:59:35,798 [main] INFO  org.apache.pig.Main - Logging error messages to: /home/cloudera/rakesh/project1/pig_1414544375790.log
2014-10-28 19:59:36,559 [main] INFO  org.apache.pig.impl.util.Utils - Default bootup file /home/cloudera/.pigbootup not found
2014-10-28 19:59:36,698 [main] WARN  org.apache.hadoop.conf.Configuration - fs.default.name is deprecated. Instead, use fs.defaultFS
2014-10-28 19:59:36,703 [main] INFO  org.apache.pig.backend.hadoop.executionengine.HExecutionEngine - Connecting to hadoop file system at: file:///
2014-10-28 19:59:37,245 [main] WARN  org.apache.hadoop.conf.Configuration - io.bytes.per.checksum is deprecated. Instead, use dfs.bytes-per-checksum
2014-10-28 19:59:37,246 [main] WARN  org.apache.hadoop.conf.Configuration - dfs.umaskmode is deprecated. Instead, use fs.permissions.umask-mode
2014-10-28 19:59:37,246 [main] WARN  org.apache.hadoop.conf.Configuration - topology.node.switch.mapping.impl is deprecated. Instead, use net.topology.node.switch.mapping.impl
2014-10-28 19:59:37,248 [main] WARN  org.apache.hadoop.conf.Configuration - dfs.df.interval is deprecated. Instead, use fs.df.interval
2014-10-28 19:59:37,248 [main] WARN  org.apache.hadoop.conf.Configuration - topology.script.number.args is deprecated. Instead, use net.topology.script.number.args
2014-10-28 19:59:37,249 [main] WARN  org.apache.hadoop.conf.Configuration - hadoop.native.lib is deprecated. Instead, use io.native.lib.available
2014-10-28 19:59:37,853 [main] INFO  org.apache.pig.tools.pigstats.ScriptState - Pig features used in the script: HASH_JOIN
2014-10-28 19:59:38,323 [main] INFO  org.apache.pig.backend.hadoop.executionengine.mapReduceLayer.MRCompiler - File concatenation threshold: 100 optimistic? false
2014-10-28 19:59:38,348 [main] INFO  org.apache.pig.backend.hadoop.executionengine.mapReduceLayer.MRCompiler$LastInputStreamingOptimizer - Rewrite: POPackage->POForEach to POJoinPackage
2014-10-28 19:59:38,359 [main] INFO  org.apache.pig.backend.hadoop.executionengine.mapReduceLayer.MultiQueryOptimizer - MR plan size before optimization: 1
2014-10-28 19:59:38,359 [main] INFO  org.apache.pig.backend.hadoop.executionengine.mapReduceLayer.MultiQueryOptimizer - MR plan size after optimization: 1
2014-10-28 19:59:38,408 [main] WARN  org.apache.hadoop.conf.Configuration - session.id is deprecated. Instead, use dfs.metrics.session-id
2014-10-28 19:59:38,410 [main] INFO  org.apache.hadoop.metrics.jvm.JvmMetrics - Initializing JVM Metrics with processName=JobTracker, sessionId=
2014-10-28 19:59:38,448 [main] WARN  org.apache.pig.backend.hadoop23.PigJobControl - falling back to default JobControl (not using hadoop 0.23 ?)
java.lang.NoSuchFieldException: jobsInProgress
	at java.lang.Class.getDeclaredField(Class.java:1882)
	at org.apache.pig.backend.hadoop23.PigJobControl.<clinit>(PigJobControl.java:58)
	at org.apache.pig.backend.hadoop.executionengine.shims.HadoopShims.newJobControl(HadoopShims.java:102)
	at org.apache.pig.backend.hadoop.executionengine.mapReduceLayer.JobControlCompiler.compile(JobControlCompiler.java:285)
	at org.apache.pig.backend.hadoop.executionengine.mapReduceLayer.MapReduceLauncher.launchPig(MapReduceLauncher.java:177)
	at org.apache.pig.PigServer.launchPlan(PigServer.java:1266)
	at org.apache.pig.PigServer.executeCompiledLogicalPlan(PigServer.java:1251)
	at org.apache.pig.PigServer.execute(PigServer.java:1241)
	at org.apache.pig.PigServer.executeBatch(PigServer.java:335)
	at org.apache.pig.tools.grunt.GruntParser.executeBatch(GruntParser.java:137)
	at org.apache.pig.tools.grunt.GruntParser.processRemove(GruntParser.java:1001)
	at org.apache.pig.tools.pigscript.parser.PigScriptParser.parse(PigScriptParser.java:499)
	at org.apache.pig.tools.grunt.GruntParser.parseStopOnError(GruntParser.java:194)
	at org.apache.pig.tools.grunt.GruntParser.parseStopOnError(GruntParser.java:170)
	at org.apache.pig.tools.grunt.Grunt.exec(Grunt.java:84)
	at org.apache.pig.Main.run(Main.java:475)
	at org.apache.pig.Main.main(Main.java:157)
	at sun.reflect.NativeMethodAccessorImpl.invoke0(Native Method)
	at sun.reflect.NativeMethodAccessorImpl.invoke(NativeMethodAccessorImpl.java:39)
	at sun.reflect.DelegatingMethodAccessorImpl.invoke(DelegatingMethodAccessorImpl.java:25)
	at java.lang.reflect.Method.invoke(Method.java:597)
	at org.apache.hadoop.util.RunJar.main(RunJar.java:208)
2014-10-28 19:59:38,453 [main] INFO  org.apache.pig.tools.pigstats.ScriptState - Pig script settings are added to the job
2014-10-28 19:59:38,469 [main] INFO  org.apache.pig.backend.hadoop.executionengine.mapReduceLayer.JobControlCompiler - mapred.job.reduce.markreset.buffer.percent is not set, set to default 0.3
2014-10-28 19:59:38,478 [main] INFO  org.apache.pig.backend.hadoop.executionengine.mapReduceLayer.JobControlCompiler - Using reducer estimator: org.apache.pig.backend.hadoop.executionengine.mapReduceLayer.InputSizeReducerEstimator
2014-10-28 19:59:38,485 [main] INFO  org.apache.pig.backend.hadoop.executionengine.mapReduceLayer.InputSizeReducerEstimator - BytesPerReducer=1000000000 maxReducers=999 totalInputFileSize=479
2014-10-28 19:59:38,488 [main] INFO  org.apache.pig.backend.hadoop.executionengine.mapReduceLayer.JobControlCompiler - Setting Parallelism to 1
2014-10-28 19:59:38,538 [main] INFO  org.apache.pig.backend.hadoop.executionengine.mapReduceLayer.JobControlCompiler - Setting up single store job
2014-10-28 19:59:38,551 [main] INFO  org.apache.pig.data.SchemaTupleFrontend - Key [pig.schematuple] is false, will not generate code.
2014-10-28 19:59:38,551 [main] INFO  org.apache.pig.data.SchemaTupleFrontend - Starting process to move generated code to distributed cacche
2014-10-28 19:59:38,551 [main] INFO  org.apache.pig.data.SchemaTupleFrontend - Distributed cache not supported or needed in local mode. Setting key [pig.schematuple.local.dir] with code temp directory: /tmp/1414544378551-0
2014-10-28 19:59:38,744 [main] INFO  org.apache.pig.backend.hadoop.executionengine.mapReduceLayer.MapReduceLauncher - 1 map-reduce job(s) waiting for submission.
2014-10-28 19:59:38,761 [JobControl] INFO  org.apache.hadoop.metrics.jvm.JvmMetrics - Cannot initialize JVM Metrics with processName=JobTracker, sessionId= - already initialized
2014-10-28 19:59:38,799 [JobControl] WARN  org.apache.hadoop.mapred.JobClient - Use GenericOptionsParser for parsing the arguments. Applications should implement Tool for the same.
2014-10-28 19:59:38,803 [JobControl] WARN  org.apache.hadoop.mapred.JobClient - No job jar file set.  User classes may not be found. See JobConf(Class) or JobConf#setJar(String).
2014-10-28 19:59:38,820 [JobControl] WARN  org.apache.hadoop.conf.Configuration - fs.default.name is deprecated. Instead, use fs.defaultFS
2014-10-28 19:59:38,820 [JobControl] WARN  org.apache.hadoop.conf.Configuration - io.bytes.per.checksum is deprecated. Instead, use dfs.bytes-per-checksum
2014-10-28 19:59:38,887 [JobControl] INFO  org.apache.hadoop.mapreduce.lib.input.FileInputFormat - Total input paths to process : 1
2014-10-28 19:59:38,889 [JobControl] INFO  org.apache.pig.backend.hadoop.executionengine.util.MapRedUtil - Total input paths to process : 1
2014-10-28 19:59:38,905 [JobControl] INFO  org.apache.pig.backend.hadoop.executionengine.util.MapRedUtil - Total input paths (combined) to process : 1
2014-10-28 19:59:38,908 [JobControl] INFO  org.apache.hadoop.mapreduce.lib.input.FileInputFormat - Total input paths to process : 1
2014-10-28 19:59:38,908 [JobControl] INFO  org.apache.pig.backend.hadoop.executionengine.util.MapRedUtil - Total input paths to process : 1
2014-10-28 19:59:38,908 [JobControl] INFO  org.apache.pig.backend.hadoop.executionengine.util.MapRedUtil - Total input paths (combined) to process : 1
2014-10-28 19:59:39,250 [main] INFO  org.apache.pig.backend.hadoop.executionengine.mapReduceLayer.MapReduceLauncher - 0% complete
2014-10-28 19:59:39,267 [Thread-3] INFO  org.apache.hadoop.mapred.LocalJobRunner - OutputCommitter set in config null
2014-10-28 19:59:39,319 [Thread-3] WARN  org.apache.hadoop.conf.Configuration - dfs.df.interval is deprecated. Instead, use fs.df.interval
2014-10-28 19:59:39,319 [Thread-3] WARN  org.apache.hadoop.conf.Configuration - hadoop.native.lib is deprecated. Instead, use io.native.lib.available
2014-10-28 19:59:39,320 [Thread-3] WARN  org.apache.hadoop.conf.Configuration - fs.default.name is deprecated. Instead, use fs.defaultFS
2014-10-28 19:59:39,320 [Thread-3] WARN  org.apache.hadoop.conf.Configuration - topology.script.number.args is deprecated. Instead, use net.topology.script.number.args
2014-10-28 19:59:39,321 [Thread-3] WARN  org.apache.hadoop.conf.Configuration - dfs.umaskmode is deprecated. Instead, use fs.permissions.umask-mode
2014-10-28 19:59:39,321 [Thread-3] WARN  org.apache.hadoop.conf.Configuration - topology.node.switch.mapping.impl is deprecated. Instead, use net.topology.node.switch.mapping.impl
2014-10-28 19:59:39,321 [Thread-3] WARN  org.apache.hadoop.conf.Configuration - io.bytes.per.checksum is deprecated. Instead, use dfs.bytes-per-checksum
2014-10-28 19:59:39,326 [Thread-3] INFO  org.apache.hadoop.mapred.LocalJobRunner - OutputCommitter is org.apache.pig.backend.hadoop.executionengine.mapReduceLayer.PigOutputCommitter
2014-10-28 19:59:39,368 [Thread-3] INFO  org.apache.hadoop.mapred.LocalJobRunner - Waiting for map tasks
2014-10-28 19:59:39,369 [pool-1-thread-1] INFO  org.apache.hadoop.mapred.LocalJobRunner - Starting task: attempt_local1389104281_0001_m_000000_0
2014-10-28 19:59:39,436 [pool-1-thread-1] WARN  mapreduce.Counters - Group org.apache.hadoop.mapred.Task$Counter is deprecated. Use org.apache.hadoop.mapreduce.TaskCounter instead
2014-10-28 19:59:39,574 [pool-1-thread-1] INFO  org.apache.hadoop.util.ProcessTree - setsid exited with exit code 0
2014-10-28 19:59:39,597 [pool-1-thread-1] INFO  org.apache.hadoop.mapred.Task -  Using ResourceCalculatorPlugin : org.apache.hadoop.util.LinuxResourceCalculatorPlugin@79cb374f
2014-10-28 19:59:39,617 [pool-1-thread-1] INFO  org.apache.hadoop.mapred.MapTask - Processing split: Number of splits :1
Total Length = 243
Input split[0]:
   Length = 243
  Locations:

-----------------------

2014-10-28 19:59:39,624 [pool-1-thread-1] INFO  org.apache.pig.backend.hadoop.executionengine.mapReduceLayer.PigRecordReader - Current split being processed file:/home/cloudera/rakesh/project1/clean/customers/part-r-00000:0+243
2014-10-28 19:59:39,652 [pool-1-thread-1] INFO  org.apache.hadoop.mapred.MapTask - Map output collector class = org.apache.hadoop.mapred.MapTask$MapOutputBuffer
2014-10-28 19:59:39,654 [pool-1-thread-1] INFO  org.apache.hadoop.mapred.MapTask - io.sort.mb = 100
2014-10-28 19:59:39,743 [pool-1-thread-1] INFO  org.apache.hadoop.mapred.MapTask - data buffer = 79691776/99614720
2014-10-28 19:59:39,743 [pool-1-thread-1] INFO  org.apache.hadoop.mapred.MapTask - record buffer = 262144/327680
2014-10-28 19:59:39,749 [pool-1-thread-1] WARN  org.apache.hadoop.conf.Configuration - dfs.max.objects is deprecated. Instead, use dfs.namenode.max.objects
2014-10-28 19:59:39,749 [pool-1-thread-1] WARN  org.apache.hadoop.conf.Configuration - dfs.data.dir is deprecated. Instead, use dfs.datanode.data.dir
2014-10-28 19:59:39,749 [pool-1-thread-1] WARN  org.apache.hadoop.conf.Configuration - dfs.name.dir is deprecated. Instead, use dfs.namenode.name.dir
2014-10-28 19:59:39,749 [pool-1-thread-1] WARN  org.apache.hadoop.conf.Configuration - fs.checkpoint.dir is deprecated. Instead, use dfs.namenode.checkpoint.dir
2014-10-28 19:59:39,749 [pool-1-thread-1] WARN  org.apache.hadoop.conf.Configuration - dfs.block.size is deprecated. Instead, use dfs.blocksize
2014-10-28 19:59:39,749 [pool-1-thread-1] WARN  org.apache.hadoop.conf.Configuration - dfs.access.time.precision is deprecated. Instead, use dfs.namenode.accesstime.precision
2014-10-28 19:59:39,749 [pool-1-thread-1] WARN  org.apache.hadoop.conf.Configuration - dfs.replication.min is deprecated. Instead, use dfs.namenode.replication.min
2014-10-28 19:59:39,749 [pool-1-thread-1] WARN  org.apache.hadoop.conf.Configuration - dfs.name.edits.dir is deprecated. Instead, use dfs.namenode.edits.dir
2014-10-28 19:59:39,749 [pool-1-thread-1] WARN  org.apache.hadoop.conf.Configuration - dfs.replication.considerLoad is deprecated. Instead, use dfs.namenode.replication.considerLoad
2014-10-28 19:59:39,749 [pool-1-thread-1] WARN  org.apache.hadoop.conf.Configuration - dfs.balance.bandwidthPerSec is deprecated. Instead, use dfs.datanode.balance.bandwidthPerSec
2014-10-28 19:59:39,749 [pool-1-thread-1] WARN  org.apache.hadoop.conf.Configuration - dfs.safemode.threshold.pct is deprecated. Instead, use dfs.namenode.safemode.threshold-pct
2014-10-28 19:59:39,749 [pool-1-thread-1] WARN  org.apache.hadoop.conf.Configuration - dfs.http.address is deprecated. Instead, use dfs.namenode.http-address
2014-10-28 19:59:39,750 [pool-1-thread-1] WARN  org.apache.hadoop.conf.Configuration - dfs.name.dir.restore is deprecated. Instead, use dfs.namenode.name.dir.restore
2014-10-28 19:59:39,750 [pool-1-thread-1] WARN  org.apache.hadoop.conf.Configuration - dfs.https.client.keystore.resource is deprecated. Instead, use dfs.client.https.keystore.resource
2014-10-28 19:59:39,750 [pool-1-thread-1] WARN  org.apache.hadoop.conf.Configuration - dfs.backup.address is deprecated. Instead, use dfs.namenode.backup.address
2014-10-28 19:59:39,750 [pool-1-thread-1] WARN  org.apache.hadoop.conf.Configuration - dfs.backup.http.address is deprecated. Instead, use dfs.namenode.backup.http-address
2014-10-28 19:59:39,750 [pool-1-thread-1] WARN  org.apache.hadoop.conf.Configuration - dfs.permissions is deprecated. Instead, use dfs.permissions.enabled
2014-10-28 19:59:39,750 [pool-1-thread-1] WARN  org.apache.hadoop.conf.Configuration - dfs.safemode.extension is deprecated. Instead, use dfs.namenode.safemode.extension
2014-10-28 19:59:39,750 [pool-1-thread-1] WARN  org.apache.hadoop.conf.Configuration - dfs.datanode.max.xcievers is deprecated. Instead, use dfs.datanode.max.transfer.threads
2014-10-28 19:59:39,750 [pool-1-thread-1] WARN  org.apache.hadoop.conf.Configuration - dfs.https.need.client.auth is deprecated. Instead, use dfs.client.https.need-auth
2014-10-28 19:59:39,750 [pool-1-thread-1] WARN  org.apache.hadoop.conf.Configuration - dfs.https.address is deprecated. Instead, use dfs.namenode.https-address
2014-10-28 19:59:39,750 [pool-1-thread-1] WARN  org.apache.hadoop.conf.Configuration - dfs.replication.interval is deprecated. Instead, use dfs.namenode.replication.interval
2014-10-28 19:59:39,750 [pool-1-thread-1] WARN  org.apache.hadoop.conf.Configuration - fs.checkpoint.edits.dir is deprecated. Instead, use dfs.namenode.checkpoint.edits.dir
2014-10-28 19:59:39,750 [pool-1-thread-1] WARN  org.apache.hadoop.conf.Configuration - dfs.write.packet.size is deprecated. Instead, use dfs.client-write-packet-size
2014-10-28 19:59:39,750 [pool-1-thread-1] WARN  org.apache.hadoop.conf.Configuration - dfs.permissions.supergroup is deprecated. Instead, use dfs.permissions.superusergroup
2014-10-28 19:59:39,750 [pool-1-thread-1] WARN  org.apache.hadoop.conf.Configuration - dfs.secondary.http.address is deprecated. Instead, use dfs.namenode.secondary.http-address
2014-10-28 19:59:39,750 [pool-1-thread-1] WARN  org.apache.hadoop.conf.Configuration - fs.checkpoint.period is deprecated. Instead, use dfs.namenode.checkpoint.period
2014-10-28 19:59:39,759 [pool-1-thread-1] INFO  org.apache.pig.data.SchemaTupleBackend - Key [pig.schematuple] was not set... will not generate code.
2014-10-28 19:59:39,768 [main] INFO  org.apache.pig.backend.hadoop.executionengine.mapReduceLayer.MapReduceLauncher - HadoopJobId: job_local1389104281_0001
2014-10-28 19:59:39,768 [main] INFO  org.apache.pig.backend.hadoop.executionengine.mapReduceLayer.MapReduceLauncher - Processing aliases ctjoin,cust,out,trans
2014-10-28 19:59:39,768 [main] INFO  org.apache.pig.backend.hadoop.executionengine.mapReduceLayer.MapReduceLauncher - detailed locations: M: cust[1,7],cust[-1,-1],ctjoin[6,9],trans[4,8],trans[-1,-1],ctjoin[6,9] C:  R: out[11,6]
2014-10-28 19:59:39,800 [pool-1-thread-1] INFO  org.apache.pig.backend.hadoop.executionengine.mapReduceLayer.PigGenericMapReduce$Map - Aliases being processed per job phase (AliasName[line,offset]): M: cust[1,7],cust[-1,-1],ctjoin[6,9],trans[4,8],trans[-1,-1],ctjoin[6,9] C:  R: out[11,6]
2014-10-28 19:59:39,813 [pool-1-thread-1] INFO  org.apache.pig.backend.hadoop.executionengine.mapReduceLayer.PigRecordReader - Created input record counter: Input records from _1_customers
2014-10-28 19:59:39,819 [pool-1-thread-1] INFO  org.apache.hadoop.mapred.LocalJobRunner - 
2014-10-28 19:59:39,819 [pool-1-thread-1] INFO  org.apache.hadoop.mapred.MapTask - Starting flush of map output
2014-10-28 19:59:39,830 [pool-1-thread-1] INFO  org.apache.hadoop.mapred.MapTask - Finished spill 0
2014-10-28 19:59:39,831 [pool-1-thread-1] INFO  org.apache.hadoop.mapred.Task - Task:attempt_local1389104281_0001_m_000000_0 is done. And is in the process of commiting
2014-10-28 19:59:39,844 [pool-1-thread-1] INFO  org.apache.hadoop.mapred.LocalJobRunner - 
2014-10-28 19:59:39,844 [pool-1-thread-1] INFO  org.apache.hadoop.mapred.Task - Task 'attempt_local1389104281_0001_m_000000_0' done.
2014-10-28 19:59:39,844 [pool-1-thread-1] INFO  org.apache.hadoop.mapred.LocalJobRunner - Finishing task: attempt_local1389104281_0001_m_000000_0
2014-10-28 19:59:39,844 [pool-1-thread-1] INFO  org.apache.hadoop.mapred.LocalJobRunner - Starting task: attempt_local1389104281_0001_m_000001_0
2014-10-28 19:59:39,844 [pool-1-thread-1] WARN  mapreduce.Counters - Group org.apache.hadoop.mapred.Task$Counter is deprecated. Use org.apache.hadoop.mapreduce.TaskCounter instead
2014-10-28 19:59:39,850 [pool-1-thread-1] INFO  org.apache.hadoop.mapred.Task -  Using ResourceCalculatorPlugin : org.apache.hadoop.util.LinuxResourceCalculatorPlugin@4dc67b54
2014-10-28 19:59:39,856 [pool-1-thread-1] INFO  org.apache.hadoop.mapred.MapTask - Processing split: Number of splits :1
Total Length = 236
Input split[0]:
   Length = 236
  Locations:

-----------------------

2014-10-28 19:59:39,859 [pool-1-thread-1] INFO  org.apache.pig.backend.hadoop.executionengine.mapReduceLayer.PigRecordReader - Current split being processed file:/home/cloudera/rakesh/project1/transactions.txt:0+236
2014-10-28 19:59:39,861 [pool-1-thread-1] INFO  org.apache.hadoop.mapred.MapTask - Map output collector class = org.apache.hadoop.mapred.MapTask$MapOutputBuffer
2014-10-28 19:59:39,861 [pool-1-thread-1] INFO  org.apache.hadoop.mapred.MapTask - io.sort.mb = 100
2014-10-28 19:59:39,929 [pool-1-thread-1] INFO  org.apache.hadoop.mapred.MapTask - data buffer = 79691776/99614720
2014-10-28 19:59:39,929 [pool-1-thread-1] INFO  org.apache.hadoop.mapred.MapTask - record buffer = 262144/327680
2014-10-28 19:59:39,936 [pool-1-thread-1] WARN  org.apache.pig.data.SchemaTupleBackend - SchemaTupleBackend has already been initialized
2014-10-28 19:59:39,953 [pool-1-thread-1] INFO  org.apache.pig.backend.hadoop.executionengine.mapReduceLayer.PigGenericMapReduce$Map - Aliases being processed per job phase (AliasName[line,offset]): M: cust[1,7],cust[-1,-1],ctjoin[6,9],trans[4,8],trans[-1,-1],ctjoin[6,9] C:  R: out[11,6]
2014-10-28 19:59:39,953 [pool-1-thread-1] INFO  org.apache.pig.backend.hadoop.executionengine.mapReduceLayer.PigRecordReader - Created input record counter: Input records from _0_transactions.txt
2014-10-28 19:59:39,956 [pool-1-thread-1] INFO  org.apache.hadoop.mapred.LocalJobRunner - 
2014-10-28 19:59:39,956 [pool-1-thread-1] INFO  org.apache.hadoop.mapred.MapTask - Starting flush of map output
2014-10-28 19:59:39,964 [pool-1-thread-1] INFO  org.apache.hadoop.mapred.MapTask - Finished spill 0
2014-10-28 19:59:39,966 [pool-1-thread-1] INFO  org.apache.hadoop.mapred.Task - Task:attempt_local1389104281_0001_m_000001_0 is done. And is in the process of commiting
2014-10-28 19:59:39,967 [pool-1-thread-1] INFO  org.apache.hadoop.mapred.LocalJobRunner - 
2014-10-28 19:59:39,968 [pool-1-thread-1] INFO  org.apache.hadoop.mapred.Task - Task 'attempt_local1389104281_0001_m_000001_0' done.
2014-10-28 19:59:39,968 [pool-1-thread-1] INFO  org.apache.hadoop.mapred.LocalJobRunner - Finishing task: attempt_local1389104281_0001_m_000001_0
2014-10-28 19:59:39,968 [Thread-3] INFO  org.apache.hadoop.mapred.LocalJobRunner - Map task executor complete.
2014-10-28 19:59:39,972 [Thread-3] WARN  mapreduce.Counters - Group org.apache.hadoop.mapred.Task$Counter is deprecated. Use org.apache.hadoop.mapreduce.TaskCounter instead
2014-10-28 19:59:39,984 [Thread-3] INFO  org.apache.hadoop.mapred.Task -  Using ResourceCalculatorPlugin : org.apache.hadoop.util.LinuxResourceCalculatorPlugin@5d1d20d3
2014-10-28 19:59:39,985 [Thread-3] INFO  org.apache.hadoop.mapred.LocalJobRunner - 
2014-10-28 19:59:39,989 [Thread-3] INFO  org.apache.hadoop.mapred.Merger - Merging 2 sorted segments
2014-10-28 19:59:40,002 [Thread-3] INFO  org.apache.hadoop.mapred.Merger - Down to the last merge-pass, with 2 segments left of total size: 781 bytes
2014-10-28 19:59:40,002 [Thread-3] INFO  org.apache.hadoop.mapred.LocalJobRunner - 
2014-10-28 19:59:40,029 [Thread-3] WARN  org.apache.pig.data.SchemaTupleBackend - SchemaTupleBackend has already been initialized
2014-10-28 19:59:40,046 [Thread-3] INFO  org.apache.pig.backend.hadoop.executionengine.mapReduceLayer.PigMapReduce$Reduce - Aliases being processed per job phase (AliasName[line,offset]): M: cust[1,7],cust[-1,-1],ctjoin[6,9],trans[4,8],trans[-1,-1],ctjoin[6,9] C:  R: out[11,6]
2014-10-28 19:59:40,060 [Thread-3] INFO  org.apache.hadoop.mapred.Task - Task:attempt_local1389104281_0001_r_000000_0 is done. And is in the process of commiting
2014-10-28 19:59:40,061 [Thread-3] INFO  org.apache.hadoop.mapred.LocalJobRunner - 
2014-10-28 19:59:40,061 [Thread-3] INFO  org.apache.hadoop.mapred.Task - Task attempt_local1389104281_0001_r_000000_0 is allowed to commit now
2014-10-28 19:59:40,065 [Thread-3] INFO  org.apache.hadoop.mapreduce.lib.output.FileOutputCommitter - Saved output of task 'attempt_local1389104281_0001_r_000000_0' to /home/cloudera/rakesh/project1/output/customer-orders
2014-10-28 19:59:40,065 [Thread-3] INFO  org.apache.hadoop.mapred.LocalJobRunner - reduce > reduce
2014-10-28 19:59:40,065 [Thread-3] INFO  org.apache.hadoop.mapred.Task - Task 'attempt_local1389104281_0001_r_000000_0' done.
2014-10-28 19:59:44,290 [main] WARN  org.apache.pig.tools.pigstats.PigStatsUtil - Failed to get RunningJob for job job_local1389104281_0001
2014-10-28 19:59:44,293 [main] INFO  org.apache.pig.backend.hadoop.executionengine.mapReduceLayer.MapReduceLauncher - 100% complete
2014-10-28 19:59:44,293 [main] INFO  org.apache.pig.tools.pigstats.SimplePigStats - Detected Local mode. Stats reported below may be incomplete
2014-10-28 19:59:44,295 [main] INFO  org.apache.pig.tools.pigstats.SimplePigStats - Script Statistics: 

HadoopVersion	PigVersion	UserId	StartedAt	FinishedAt	Features
2.0.0-cdh4.4.0	0.11.0-cdh4.4.0	cloudera	2014-10-28 19:59:38	2014-10-28 19:59:44	HASH_JOIN

Success!

Job Stats (time in seconds):
JobId	Alias	Feature	Outputs
job_local1389104281_0001	ctjoin,cust,out,trans	HASH_JOIN	/home/cloudera/rakesh/project1/output/customer-orders,

Input(s):
Successfully read records from: "/home/cloudera/rakesh/project1/transactions.txt"
Successfully read records from: "/home/cloudera/rakesh/project1/clean/customers"

Output(s):
Successfully stored records in: "/home/cloudera/rakesh/project1/output/customer-orders"

Job DAG:
job_local1389104281_0001


2014-10-28 19:59:44,296 [main] INFO  org.apache.pig.backend.hadoop.executionengine.mapReduceLayer.MapReduceLauncher - Success!
2014-10-28 19:59:44,359 [main] INFO  org.apache.pig.tools.pigstats.ScriptState - Pig features used in the script: HASH_JOIN,GROUP_BY
2014-10-28 19:59:44,395 [main] INFO  org.apache.pig.backend.hadoop.executionengine.mapReduceLayer.MRCompiler - File concatenation threshold: 100 optimistic? false
2014-10-28 19:59:44,406 [main] INFO  org.apache.pig.backend.hadoop.executionengine.mapReduceLayer.CombinerOptimizer - Choosing to move algebraic foreach to combiner
2014-10-28 19:59:44,420 [main] INFO  org.apache.pig.backend.hadoop.executionengine.mapReduceLayer.MRCompiler$LastInputStreamingOptimizer - Rewrite: POPackage->POForEach to POJoinPackage
2014-10-28 19:59:44,424 [main] INFO  org.apache.pig.backend.hadoop.executionengine.mapReduceLayer.MultiQueryOptimizer - MR plan size before optimization: 2
2014-10-28 19:59:44,424 [main] INFO  org.apache.pig.backend.hadoop.executionengine.mapReduceLayer.MultiQueryOptimizer - MR plan size after optimization: 2
2014-10-28 19:59:44,425 [main] INFO  org.apache.hadoop.metrics.jvm.JvmMetrics - Cannot initialize JVM Metrics with processName=JobTracker, sessionId= - already initialized
2014-10-28 19:59:44,426 [main] INFO  org.apache.pig.tools.pigstats.ScriptState - Pig script settings are added to the job
2014-10-28 19:59:44,428 [main] INFO  org.apache.pig.backend.hadoop.executionengine.mapReduceLayer.JobControlCompiler - mapred.job.reduce.markreset.buffer.percent is not set, set to default 0.3
2014-10-28 19:59:44,429 [main] INFO  org.apache.pig.backend.hadoop.executionengine.mapReduceLayer.JobControlCompiler - Using reducer estimator: org.apache.pig.backend.hadoop.executionengine.mapReduceLayer.InputSizeReducerEstimator
2014-10-28 19:59:44,430 [main] INFO  org.apache.pig.backend.hadoop.executionengine.mapReduceLayer.InputSizeReducerEstimator - BytesPerReducer=1000000000 maxReducers=999 totalInputFileSize=479
2014-10-28 19:59:44,430 [main] INFO  org.apache.pig.backend.hadoop.executionengine.mapReduceLayer.JobControlCompiler - Setting Parallelism to 1
2014-10-28 19:59:44,443 [main] INFO  org.apache.pig.backend.hadoop.executionengine.mapReduceLayer.JobControlCompiler - Setting up single store job
2014-10-28 19:59:44,450 [main] INFO  org.apache.pig.data.SchemaTupleFrontend - Key [pig.schematuple] is false, will not generate code.
2014-10-28 19:59:44,450 [main] INFO  org.apache.pig.data.SchemaTupleFrontend - Starting process to move generated code to distributed cacche
2014-10-28 19:59:44,450 [main] INFO  org.apache.pig.data.SchemaTupleFrontend - Distributed cache not supported or needed in local mode. Setting key [pig.schematuple.local.dir] with code temp directory: /tmp/1414544384450-0
2014-10-28 19:59:44,481 [main] INFO  org.apache.pig.backend.hadoop.executionengine.mapReduceLayer.MapReduceLauncher - 1 map-reduce job(s) waiting for submission.
2014-10-28 19:59:44,482 [JobControl] INFO  org.apache.hadoop.metrics.jvm.JvmMetrics - Cannot initialize JVM Metrics with processName=JobTracker, sessionId= - already initialized
2014-10-28 19:59:44,484 [JobControl] WARN  org.apache.hadoop.mapred.JobClient - Use GenericOptionsParser for parsing the arguments. Applications should implement Tool for the same.
2014-10-28 19:59:44,484 [JobControl] WARN  org.apache.hadoop.mapred.JobClient - No job jar file set.  User classes may not be found. See JobConf(Class) or JobConf#setJar(String).
2014-10-28 19:59:44,502 [JobControl] INFO  org.apache.hadoop.mapreduce.lib.input.FileInputFormat - Total input paths to process : 1
2014-10-28 19:59:44,502 [JobControl] INFO  org.apache.pig.backend.hadoop.executionengine.util.MapRedUtil - Total input paths to process : 1
2014-10-28 19:59:44,503 [JobControl] INFO  org.apache.pig.backend.hadoop.executionengine.util.MapRedUtil - Total input paths (combined) to process : 1
2014-10-28 19:59:44,510 [JobControl] INFO  org.apache.hadoop.mapreduce.lib.input.FileInputFormat - Total input paths to process : 1
2014-10-28 19:59:44,511 [JobControl] INFO  org.apache.pig.backend.hadoop.executionengine.util.MapRedUtil - Total input paths to process : 1
2014-10-28 19:59:44,511 [JobControl] INFO  org.apache.pig.backend.hadoop.executionengine.util.MapRedUtil - Total input paths (combined) to process : 1
2014-10-28 19:59:44,583 [Thread-11] INFO  org.apache.hadoop.mapred.LocalJobRunner - OutputCommitter set in config null
2014-10-28 19:59:44,593 [Thread-11] WARN  org.apache.hadoop.conf.Configuration - dfs.df.interval is deprecated. Instead, use fs.df.interval
2014-10-28 19:59:44,593 [Thread-11] WARN  org.apache.hadoop.conf.Configuration - hadoop.native.lib is deprecated. Instead, use io.native.lib.available
2014-10-28 19:59:44,593 [Thread-11] WARN  org.apache.hadoop.conf.Configuration - fs.default.name is deprecated. Instead, use fs.defaultFS
2014-10-28 19:59:44,595 [Thread-11] WARN  org.apache.hadoop.conf.Configuration - topology.script.number.args is deprecated. Instead, use net.topology.script.number.args
2014-10-28 19:59:44,595 [Thread-11] WARN  org.apache.hadoop.conf.Configuration - dfs.umaskmode is deprecated. Instead, use fs.permissions.umask-mode
2014-10-28 19:59:44,595 [Thread-11] WARN  org.apache.hadoop.conf.Configuration - topology.node.switch.mapping.impl is deprecated. Instead, use net.topology.node.switch.mapping.impl
2014-10-28 19:59:44,595 [Thread-11] WARN  org.apache.hadoop.conf.Configuration - io.bytes.per.checksum is deprecated. Instead, use dfs.bytes-per-checksum
2014-10-28 19:59:44,595 [Thread-11] INFO  org.apache.hadoop.mapred.LocalJobRunner - OutputCommitter is org.apache.pig.backend.hadoop.executionengine.mapReduceLayer.PigOutputCommitter
2014-10-28 19:59:44,597 [Thread-11] INFO  org.apache.hadoop.mapred.LocalJobRunner - Waiting for map tasks
2014-10-28 19:59:44,597 [pool-4-thread-1] INFO  org.apache.hadoop.mapred.LocalJobRunner - Starting task: attempt_local1920500076_0002_m_000000_0
2014-10-28 19:59:44,597 [pool-4-thread-1] WARN  mapreduce.Counters - Group org.apache.hadoop.mapred.Task$Counter is deprecated. Use org.apache.hadoop.mapreduce.TaskCounter instead
2014-10-28 19:59:44,625 [pool-4-thread-1] INFO  org.apache.hadoop.mapred.Task -  Using ResourceCalculatorPlugin : org.apache.hadoop.util.LinuxResourceCalculatorPlugin@7c6d75b6
2014-10-28 19:59:44,627 [pool-4-thread-1] INFO  org.apache.hadoop.mapred.MapTask - Processing split: Number of splits :1
Total Length = 243
Input split[0]:
   Length = 243
  Locations:

-----------------------

2014-10-28 19:59:44,637 [pool-4-thread-1] INFO  org.apache.pig.backend.hadoop.executionengine.mapReduceLayer.PigRecordReader - Current split being processed file:/home/cloudera/rakesh/project1/clean/customers/part-r-00000:0+243
2014-10-28 19:59:44,638 [pool-4-thread-1] INFO  org.apache.hadoop.mapred.MapTask - Map output collector class = org.apache.hadoop.mapred.MapTask$MapOutputBuffer
2014-10-28 19:59:44,638 [pool-4-thread-1] INFO  org.apache.hadoop.mapred.MapTask - io.sort.mb = 100
2014-10-28 19:59:44,773 [pool-4-thread-1] INFO  org.apache.hadoop.mapred.MapTask - data buffer = 79691776/99614720
2014-10-28 19:59:44,773 [pool-4-thread-1] INFO  org.apache.hadoop.mapred.MapTask - record buffer = 262144/327680
2014-10-28 19:59:44,777 [pool-4-thread-1] WARN  org.apache.hadoop.conf.Configuration - dfs.https.address is deprecated. Instead, use dfs.namenode.https-address
2014-10-28 19:59:44,782 [pool-4-thread-1] INFO  org.apache.pig.data.SchemaTupleBackend - Key [pig.schematuple] was not set... will not generate code.
2014-10-28 19:59:44,818 [pool-4-thread-1] INFO  org.apache.pig.backend.hadoop.executionengine.mapReduceLayer.PigGenericMapReduce$Map - Aliases being processed per job phase (AliasName[line,offset]): M: cust[1,7],cust[-1,-1],ctjoin[6,9],trans[4,8],trans[-1,-1],ctjoin[6,9] C:  R: out[11,6]
2014-10-28 19:59:44,818 [pool-4-thread-1] INFO  org.apache.pig.backend.hadoop.executionengine.mapReduceLayer.PigRecordReader - Created input record counter: Input records from _0_customers
2014-10-28 19:59:44,824 [pool-4-thread-1] INFO  org.apache.hadoop.mapred.LocalJobRunner - 
2014-10-28 19:59:44,824 [pool-4-thread-1] INFO  org.apache.hadoop.mapred.MapTask - Starting flush of map output
2014-10-28 19:59:44,825 [pool-4-thread-1] INFO  org.apache.hadoop.mapred.MapTask - Finished spill 0
2014-10-28 19:59:44,826 [pool-4-thread-1] INFO  org.apache.hadoop.mapred.Task - Task:attempt_local1920500076_0002_m_000000_0 is done. And is in the process of commiting
2014-10-28 19:59:44,829 [pool-4-thread-1] INFO  org.apache.hadoop.mapred.LocalJobRunner - 
2014-10-28 19:59:44,834 [pool-4-thread-1] INFO  org.apache.hadoop.mapred.Task - Task 'attempt_local1920500076_0002_m_000000_0' done.
2014-10-28 19:59:44,835 [pool-4-thread-1] INFO  org.apache.hadoop.mapred.LocalJobRunner - Finishing task: attempt_local1920500076_0002_m_000000_0
2014-10-28 19:59:44,835 [pool-4-thread-1] INFO  org.apache.hadoop.mapred.LocalJobRunner - Starting task: attempt_local1920500076_0002_m_000001_0
2014-10-28 19:59:44,835 [pool-4-thread-1] WARN  mapreduce.Counters - Group org.apache.hadoop.mapred.Task$Counter is deprecated. Use org.apache.hadoop.mapreduce.TaskCounter instead
2014-10-28 19:59:44,841 [pool-4-thread-1] INFO  org.apache.hadoop.mapred.Task -  Using ResourceCalculatorPlugin : org.apache.hadoop.util.LinuxResourceCalculatorPlugin@64d1afd3
2014-10-28 19:59:44,842 [pool-4-thread-1] INFO  org.apache.hadoop.mapred.MapTask - Processing split: Number of splits :1
Total Length = 236
Input split[0]:
   Length = 236
  Locations:

-----------------------

2014-10-28 19:59:44,850 [pool-4-thread-1] INFO  org.apache.pig.backend.hadoop.executionengine.mapReduceLayer.PigRecordReader - Current split being processed file:/home/cloudera/rakesh/project1/transactions.txt:0+236
2014-10-28 19:59:44,850 [pool-4-thread-1] INFO  org.apache.hadoop.mapred.MapTask - Map output collector class = org.apache.hadoop.mapred.MapTask$MapOutputBuffer
2014-10-28 19:59:44,850 [pool-4-thread-1] INFO  org.apache.hadoop.mapred.MapTask - io.sort.mb = 100
2014-10-28 19:59:44,993 [main] INFO  org.apache.pig.backend.hadoop.executionengine.mapReduceLayer.MapReduceLauncher - HadoopJobId: job_local1920500076_0002
2014-10-28 19:59:44,993 [main] INFO  org.apache.pig.backend.hadoop.executionengine.mapReduceLayer.MapReduceLauncher - Processing aliases ctjoin,cust,out,trans
2014-10-28 19:59:44,993 [main] INFO  org.apache.pig.backend.hadoop.executionengine.mapReduceLayer.MapReduceLauncher - detailed locations: M: cust[1,7],cust[-1,-1],ctjoin[6,9],trans[4,8],trans[-1,-1],ctjoin[6,9] C:  R: out[11,6]
2014-10-28 19:59:44,994 [main] INFO  org.apache.pig.backend.hadoop.executionengine.mapReduceLayer.MapReduceLauncher - 0% complete
2014-10-28 19:59:45,012 [pool-4-thread-1] INFO  org.apache.hadoop.mapred.MapTask - data buffer = 79691776/99614720
2014-10-28 19:59:45,012 [pool-4-thread-1] INFO  org.apache.hadoop.mapred.MapTask - record buffer = 262144/327680
2014-10-28 19:59:45,020 [pool-4-thread-1] WARN  org.apache.pig.data.SchemaTupleBackend - SchemaTupleBackend has already been initialized
2014-10-28 19:59:45,038 [pool-4-thread-1] INFO  org.apache.pig.backend.hadoop.executionengine.mapReduceLayer.PigGenericMapReduce$Map - Aliases being processed per job phase (AliasName[line,offset]): M: cust[1,7],cust[-1,-1],ctjoin[6,9],trans[4,8],trans[-1,-1],ctjoin[6,9] C:  R: out[11,6]
2014-10-28 19:59:45,039 [pool-4-thread-1] INFO  org.apache.pig.backend.hadoop.executionengine.mapReduceLayer.PigRecordReader - Created input record counter: Input records from _1_transactions.txt
2014-10-28 19:59:45,041 [pool-4-thread-1] INFO  org.apache.hadoop.mapred.LocalJobRunner - 
2014-10-28 19:59:45,041 [pool-4-thread-1] INFO  org.apache.hadoop.mapred.MapTask - Starting flush of map output
2014-10-28 19:59:45,042 [pool-4-thread-1] INFO  org.apache.hadoop.mapred.MapTask - Finished spill 0
2014-10-28 19:59:45,043 [pool-4-thread-1] INFO  org.apache.hadoop.mapred.Task - Task:attempt_local1920500076_0002_m_000001_0 is done. And is in the process of commiting
2014-10-28 19:59:45,044 [pool-4-thread-1] INFO  org.apache.hadoop.mapred.LocalJobRunner - 
2014-10-28 19:59:45,044 [pool-4-thread-1] INFO  org.apache.hadoop.mapred.Task - Task 'attempt_local1920500076_0002_m_000001_0' done.
2014-10-28 19:59:45,044 [pool-4-thread-1] INFO  org.apache.hadoop.mapred.LocalJobRunner - Finishing task: attempt_local1920500076_0002_m_000001_0
2014-10-28 19:59:45,044 [Thread-11] INFO  org.apache.hadoop.mapred.LocalJobRunner - Map task executor complete.
2014-10-28 19:59:45,044 [Thread-11] WARN  mapreduce.Counters - Group org.apache.hadoop.mapred.Task$Counter is deprecated. Use org.apache.hadoop.mapreduce.TaskCounter instead
2014-10-28 19:59:45,053 [Thread-11] INFO  org.apache.hadoop.mapred.Task -  Using ResourceCalculatorPlugin : org.apache.hadoop.util.LinuxResourceCalculatorPlugin@45d18084
2014-10-28 19:59:45,053 [Thread-11] INFO  org.apache.hadoop.mapred.LocalJobRunner - 
2014-10-28 19:59:45,055 [Thread-11] INFO  org.apache.hadoop.mapred.Merger - Merging 2 sorted segments
2014-10-28 19:59:45,056 [Thread-11] INFO  org.apache.hadoop.mapred.Merger - Down to the last merge-pass, with 2 segments left of total size: 781 bytes
2014-10-28 19:59:45,056 [Thread-11] INFO  org.apache.hadoop.mapred.LocalJobRunner - 
2014-10-28 19:59:45,066 [Thread-11] WARN  org.apache.pig.data.SchemaTupleBackend - SchemaTupleBackend has already been initialized
2014-10-28 19:59:45,073 [Thread-11] INFO  org.apache.pig.backend.hadoop.executionengine.mapReduceLayer.PigMapReduce$Reduce - Aliases being processed per job phase (AliasName[line,offset]): M: cust[1,7],cust[-1,-1],ctjoin[6,9],trans[4,8],trans[-1,-1],ctjoin[6,9] C:  R: out[11,6]
2014-10-28 19:59:45,081 [Thread-11] INFO  org.apache.hadoop.mapred.Task - Task:attempt_local1920500076_0002_r_000000_0 is done. And is in the process of commiting
2014-10-28 19:59:45,083 [Thread-11] INFO  org.apache.hadoop.mapred.LocalJobRunner - 
2014-10-28 19:59:45,083 [Thread-11] INFO  org.apache.hadoop.mapred.Task - Task attempt_local1920500076_0002_r_000000_0 is allowed to commit now
2014-10-28 19:59:45,085 [Thread-11] INFO  org.apache.hadoop.mapreduce.lib.output.FileOutputCommitter - Saved output of task 'attempt_local1920500076_0002_r_000000_0' to file:/tmp/temp1241650843/tmp1896450722
2014-10-28 19:59:45,086 [Thread-11] INFO  org.apache.hadoop.mapred.LocalJobRunner - reduce > reduce
2014-10-28 19:59:45,086 [Thread-11] INFO  org.apache.hadoop.mapred.Task - Task 'attempt_local1920500076_0002_r_000000_0' done.
2014-10-28 19:59:49,999 [main] INFO  org.apache.pig.backend.hadoop.executionengine.mapReduceLayer.MapReduceLauncher - 50% complete
2014-10-28 19:59:50,000 [main] WARN  org.apache.pig.tools.pigstats.PigStatsUtil - Failed to get RunningJob for job job_local1920500076_0002
2014-10-28 19:59:50,001 [main] INFO  org.apache.pig.tools.pigstats.ScriptState - Pig script settings are added to the job
2014-10-28 19:59:50,002 [main] INFO  org.apache.pig.backend.hadoop.executionengine.mapReduceLayer.JobControlCompiler - mapred.job.reduce.markreset.buffer.percent is not set, set to default 0.3
2014-10-28 19:59:50,002 [main] INFO  org.apache.pig.backend.hadoop.executionengine.mapReduceLayer.JobControlCompiler - Setting Parallelism to 1
2014-10-28 19:59:50,011 [main] INFO  org.apache.pig.backend.hadoop.executionengine.mapReduceLayer.JobControlCompiler - Setting up single store job
2014-10-28 19:59:50,042 [main] INFO  org.apache.pig.backend.hadoop.executionengine.mapReduceLayer.MapReduceLauncher - 1 map-reduce job(s) waiting for submission.
2014-10-28 19:59:50,043 [JobControl] INFO  org.apache.hadoop.metrics.jvm.JvmMetrics - Cannot initialize JVM Metrics with processName=JobTracker, sessionId= - already initialized
2014-10-28 19:59:50,044 [JobControl] WARN  org.apache.hadoop.mapred.JobClient - Use GenericOptionsParser for parsing the arguments. Applications should implement Tool for the same.
2014-10-28 19:59:50,045 [JobControl] WARN  org.apache.hadoop.mapred.JobClient - No job jar file set.  User classes may not be found. See JobConf(Class) or JobConf#setJar(String).
2014-10-28 19:59:50,052 [JobControl] INFO  org.apache.hadoop.mapreduce.lib.input.FileInputFormat - Total input paths to process : 1
2014-10-28 19:59:50,052 [JobControl] INFO  org.apache.pig.backend.hadoop.executionengine.util.MapRedUtil - Total input paths to process : 1
2014-10-28 19:59:50,052 [JobControl] INFO  org.apache.pig.backend.hadoop.executionengine.util.MapRedUtil - Total input paths (combined) to process : 1
2014-10-28 19:59:50,189 [Thread-15] INFO  org.apache.hadoop.mapred.LocalJobRunner - OutputCommitter set in config null
2014-10-28 19:59:50,201 [Thread-15] WARN  org.apache.hadoop.conf.Configuration - dfs.df.interval is deprecated. Instead, use fs.df.interval
2014-10-28 19:59:50,205 [Thread-15] WARN  org.apache.hadoop.conf.Configuration - hadoop.native.lib is deprecated. Instead, use io.native.lib.available
2014-10-28 19:59:50,205 [Thread-15] WARN  org.apache.hadoop.conf.Configuration - fs.default.name is deprecated. Instead, use fs.defaultFS
2014-10-28 19:59:50,205 [Thread-15] WARN  org.apache.hadoop.conf.Configuration - topology.script.number.args is deprecated. Instead, use net.topology.script.number.args
2014-10-28 19:59:50,205 [Thread-15] WARN  org.apache.hadoop.conf.Configuration - dfs.umaskmode is deprecated. Instead, use fs.permissions.umask-mode
2014-10-28 19:59:50,205 [Thread-15] WARN  org.apache.hadoop.conf.Configuration - topology.node.switch.mapping.impl is deprecated. Instead, use net.topology.node.switch.mapping.impl
2014-10-28 19:59:50,205 [Thread-15] WARN  org.apache.hadoop.conf.Configuration - io.bytes.per.checksum is deprecated. Instead, use dfs.bytes-per-checksum
2014-10-28 19:59:50,205 [Thread-15] INFO  org.apache.hadoop.mapred.LocalJobRunner - OutputCommitter is org.apache.pig.backend.hadoop.executionengine.mapReduceLayer.PigOutputCommitter
2014-10-28 19:59:50,211 [Thread-15] INFO  org.apache.hadoop.mapred.LocalJobRunner - Waiting for map tasks
2014-10-28 19:59:50,218 [pool-5-thread-1] INFO  org.apache.hadoop.mapred.LocalJobRunner - Starting task: attempt_local2047519615_0003_m_000000_0
2014-10-28 19:59:50,218 [pool-5-thread-1] WARN  mapreduce.Counters - Group org.apache.hadoop.mapred.Task$Counter is deprecated. Use org.apache.hadoop.mapreduce.TaskCounter instead
2014-10-28 19:59:50,236 [pool-5-thread-1] INFO  org.apache.hadoop.mapred.Task -  Using ResourceCalculatorPlugin : org.apache.hadoop.util.LinuxResourceCalculatorPlugin@2fa8ecf4
2014-10-28 19:59:50,238 [pool-5-thread-1] INFO  org.apache.hadoop.mapred.MapTask - Processing split: Number of splits :1
Total Length = 545
Input split[0]:
   Length = 545
  Locations:

-----------------------

2014-10-28 19:59:50,246 [pool-5-thread-1] INFO  org.apache.pig.backend.hadoop.executionengine.mapReduceLayer.PigRecordReader - Current split being processed file:/tmp/temp1241650843/tmp1896450722/part-r-00000:0+545
2014-10-28 19:59:50,252 [pool-5-thread-1] INFO  org.apache.hadoop.mapred.MapTask - Map output collector class = org.apache.hadoop.mapred.MapTask$MapOutputBuffer
2014-10-28 19:59:50,252 [pool-5-thread-1] INFO  org.apache.hadoop.mapred.MapTask - io.sort.mb = 100
2014-10-28 19:59:50,359 [pool-5-thread-1] INFO  org.apache.hadoop.mapred.MapTask - data buffer = 79691776/99614720
2014-10-28 19:59:50,364 [pool-5-thread-1] INFO  org.apache.hadoop.mapred.MapTask - record buffer = 262144/327680
2014-10-28 19:59:50,373 [pool-5-thread-1] WARN  org.apache.hadoop.conf.Configuration - dfs.https.address is deprecated. Instead, use dfs.namenode.https-address
2014-10-28 19:59:50,383 [pool-5-thread-1] WARN  org.apache.pig.data.SchemaTupleBackend - SchemaTupleBackend has already been initialized
2014-10-28 19:59:50,399 [pool-5-thread-1] INFO  org.apache.pig.backend.hadoop.executionengine.mapReduceLayer.PigGenericMapReduce$Map - Aliases being processed per job phase (AliasName[line,offset]): M: outcount[20,11],outgrp[19,9] C: outcount[20,11],outgrp[19,9] R: outcount[20,11]
2014-10-28 19:59:50,414 [pool-5-thread-1] INFO  org.apache.hadoop.mapred.LocalJobRunner - 
2014-10-28 19:59:50,415 [pool-5-thread-1] INFO  org.apache.hadoop.mapred.MapTask - Starting flush of map output
2014-10-28 19:59:50,444 [pool-5-thread-1] INFO  org.apache.pig.backend.hadoop.executionengine.mapReduceLayer.PigCombiner$Combine - Aliases being processed per job phase (AliasName[line,offset]): M: outcount[20,11],outgrp[19,9] C: outcount[20,11],outgrp[19,9] R: outcount[20,11]
2014-10-28 19:59:50,445 [pool-5-thread-1] INFO  org.apache.hadoop.mapred.MapTask - Finished spill 0
2014-10-28 19:59:50,455 [pool-5-thread-1] INFO  org.apache.hadoop.mapred.Task - Task:attempt_local2047519615_0003_m_000000_0 is done. And is in the process of commiting
2014-10-28 19:59:50,457 [pool-5-thread-1] INFO  org.apache.hadoop.mapred.LocalJobRunner - 
2014-10-28 19:59:50,457 [pool-5-thread-1] INFO  org.apache.hadoop.mapred.Task - Task 'attempt_local2047519615_0003_m_000000_0' done.
2014-10-28 19:59:50,457 [pool-5-thread-1] INFO  org.apache.hadoop.mapred.LocalJobRunner - Finishing task: attempt_local2047519615_0003_m_000000_0
2014-10-28 19:59:50,458 [Thread-15] INFO  org.apache.hadoop.mapred.LocalJobRunner - Map task executor complete.
2014-10-28 19:59:50,458 [Thread-15] WARN  mapreduce.Counters - Group org.apache.hadoop.mapred.Task$Counter is deprecated. Use org.apache.hadoop.mapreduce.TaskCounter instead
2014-10-28 19:59:50,469 [Thread-15] INFO  org.apache.hadoop.mapred.Task -  Using ResourceCalculatorPlugin : org.apache.hadoop.util.LinuxResourceCalculatorPlugin@135b4b49
2014-10-28 19:59:50,469 [Thread-15] INFO  org.apache.hadoop.mapred.LocalJobRunner - 
2014-10-28 19:59:50,470 [Thread-15] INFO  org.apache.hadoop.mapred.Merger - Merging 1 sorted segments
2014-10-28 19:59:50,471 [Thread-15] INFO  org.apache.hadoop.mapred.Merger - Down to the last merge-pass, with 1 segments left of total size: 16 bytes
2014-10-28 19:59:50,471 [Thread-15] INFO  org.apache.hadoop.mapred.LocalJobRunner - 
2014-10-28 19:59:50,487 [Thread-15] WARN  org.apache.pig.data.SchemaTupleBackend - SchemaTupleBackend has already been initialized
2014-10-28 19:59:50,496 [Thread-15] INFO  org.apache.pig.backend.hadoop.executionengine.mapReduceLayer.PigMapReduce$Reduce - Aliases being processed per job phase (AliasName[line,offset]): M: outcount[20,11],outgrp[19,9] C: outcount[20,11],outgrp[19,9] R: outcount[20,11]
2014-10-28 19:59:50,501 [Thread-15] INFO  org.apache.hadoop.mapred.Task - Task:attempt_local2047519615_0003_r_000000_0 is done. And is in the process of commiting
2014-10-28 19:59:50,502 [Thread-15] INFO  org.apache.hadoop.mapred.LocalJobRunner - 
2014-10-28 19:59:50,505 [Thread-15] INFO  org.apache.hadoop.mapred.Task - Task attempt_local2047519615_0003_r_000000_0 is allowed to commit now
2014-10-28 19:59:50,516 [Thread-15] INFO  org.apache.hadoop.mapreduce.lib.output.FileOutputCommitter - Saved output of task 'attempt_local2047519615_0003_r_000000_0' to /home/cloudera/rakesh/project1/output/customer-orders-count
2014-10-28 19:59:50,517 [Thread-15] INFO  org.apache.hadoop.mapred.LocalJobRunner - reduce > reduce
2014-10-28 19:59:50,517 [Thread-15] INFO  org.apache.hadoop.mapred.Task - Task 'attempt_local2047519615_0003_r_000000_0' done.
2014-10-28 19:59:50,543 [main] INFO  org.apache.pig.backend.hadoop.executionengine.mapReduceLayer.MapReduceLauncher - HadoopJobId: job_local2047519615_0003
2014-10-28 19:59:50,543 [main] INFO  org.apache.pig.backend.hadoop.executionengine.mapReduceLayer.MapReduceLauncher - Processing aliases outcount,outgrp
2014-10-28 19:59:50,543 [main] INFO  org.apache.pig.backend.hadoop.executionengine.mapReduceLayer.MapReduceLauncher - detailed locations: M: outcount[20,11],outgrp[19,9] C: outcount[20,11],outgrp[19,9] R: outcount[20,11]
2014-10-28 19:59:55,553 [main] WARN  org.apache.pig.tools.pigstats.PigStatsUtil - Failed to get RunningJob for job job_local2047519615_0003
2014-10-28 19:59:55,554 [main] INFO  org.apache.pig.backend.hadoop.executionengine.mapReduceLayer.MapReduceLauncher - 100% complete
2014-10-28 19:59:55,554 [main] INFO  org.apache.pig.tools.pigstats.SimplePigStats - Detected Local mode. Stats reported below may be incomplete
2014-10-28 19:59:55,555 [main] INFO  org.apache.pig.tools.pigstats.SimplePigStats - Script Statistics: 

HadoopVersion	PigVersion	UserId	StartedAt	FinishedAt	Features
2.0.0-cdh4.4.0	0.11.0-cdh4.4.0	cloudera	2014-10-28 19:59:44	2014-10-28 19:59:55	HASH_JOIN,GROUP_BY

Success!

Job Stats (time in seconds):
JobId	Alias	Feature	Outputs
job_local1920500076_0002	ctjoin,cust,out,trans	HASH_JOIN	
job_local2047519615_0003	outcount,outgrp	GROUP_BY,COMBINER	/home/cloudera/rakesh/project1/output/customer-orders-count,

Input(s):
Successfully read records from: "/home/cloudera/rakesh/project1/clean/customers"
Successfully read records from: "/home/cloudera/rakesh/project1/transactions.txt"

Output(s):
Successfully stored records in: "/home/cloudera/rakesh/project1/output/customer-orders-count"

Job DAG:
job_local1920500076_0002	->	job_local2047519615_0003,
job_local2047519615_0003


2014-10-28 19:59:55,555 [main] INFO  org.apache.pig.backend.hadoop.executionengine.mapReduceLayer.MapReduceLauncher - Success!
