2014-10-28 19:59:04,192 [main] INFO  org.apache.pig.Main - Apache Pig version 0.11.0-cdh4.4.0 (rexported) compiled Sep 03 2013, 20:25:46
2014-10-28 19:59:04,197 [main] INFO  org.apache.pig.Main - Logging error messages to: /home/cloudera/rakesh/project1/pig_1414544344187.log
2014-10-28 19:59:04,928 [main] INFO  org.apache.pig.impl.util.Utils - Default bootup file /home/cloudera/.pigbootup not found
2014-10-28 19:59:05,084 [main] WARN  org.apache.hadoop.conf.Configuration - fs.default.name is deprecated. Instead, use fs.defaultFS
2014-10-28 19:59:05,088 [main] INFO  org.apache.pig.backend.hadoop.executionengine.HExecutionEngine - Connecting to hadoop file system at: file:///
2014-10-28 19:59:05,840 [main] WARN  org.apache.hadoop.conf.Configuration - io.bytes.per.checksum is deprecated. Instead, use dfs.bytes-per-checksum
2014-10-28 19:59:05,840 [main] WARN  org.apache.hadoop.conf.Configuration - dfs.umaskmode is deprecated. Instead, use fs.permissions.umask-mode
2014-10-28 19:59:05,840 [main] WARN  org.apache.hadoop.conf.Configuration - topology.node.switch.mapping.impl is deprecated. Instead, use net.topology.node.switch.mapping.impl
2014-10-28 19:59:05,843 [main] WARN  org.apache.hadoop.conf.Configuration - dfs.df.interval is deprecated. Instead, use fs.df.interval
2014-10-28 19:59:05,843 [main] WARN  org.apache.hadoop.conf.Configuration - topology.script.number.args is deprecated. Instead, use net.topology.script.number.args
2014-10-28 19:59:05,843 [main] WARN  org.apache.hadoop.conf.Configuration - hadoop.native.lib is deprecated. Instead, use io.native.lib.available
2014-10-28 19:59:06,067 [main] INFO  org.apache.pig.tools.pigstats.ScriptState - Pig features used in the script: FILTER
2014-10-28 19:59:06,404 [main] INFO  org.apache.pig.backend.hadoop.executionengine.mapReduceLayer.MRCompiler - File concatenation threshold: 100 optimistic? false
2014-10-28 19:59:06,427 [main] INFO  org.apache.pig.backend.hadoop.executionengine.mapReduceLayer.MultiQueryOptimizer - MR plan size before optimization: 1
2014-10-28 19:59:06,427 [main] INFO  org.apache.pig.backend.hadoop.executionengine.mapReduceLayer.MultiQueryOptimizer - MR plan size after optimization: 1
2014-10-28 19:59:06,484 [main] WARN  org.apache.hadoop.conf.Configuration - session.id is deprecated. Instead, use dfs.metrics.session-id
2014-10-28 19:59:06,484 [main] INFO  org.apache.hadoop.metrics.jvm.JvmMetrics - Initializing JVM Metrics with processName=JobTracker, sessionId=
2014-10-28 19:59:06,504 [main] WARN  org.apache.pig.backend.hadoop23.PigJobControl - falling back to default JobControl (not using hadoop 0.23 ?)
java.lang.NoSuchFieldException: jobsInProgress
	at java.lang.Class.getDeclaredField(Class.java:1882)
	at org.apache.pig.backend.hadoop23.PigJobControl.<clinit>(PigJobControl.java:58)
	at org.apache.pig.backend.hadoop.executionengine.shims.HadoopShims.newJobControl(HadoopShims.java:102)
	at org.apache.pig.backend.hadoop.executionengine.mapReduceLayer.JobControlCompiler.compile(JobControlCompiler.java:285)
	at org.apache.pig.backend.hadoop.executionengine.mapReduceLayer.MapReduceLauncher.launchPig(MapReduceLauncher.java:177)
	at org.apache.pig.PigServer.launchPlan(PigServer.java:1266)
	at org.apache.pig.PigServer.executeCompiledLogicalPlan(PigServer.java:1251)
	at org.apache.pig.PigServer.execute(PigServer.java:1241)
	at org.apache.pig.PigServer.executeBatch(PigServer.java:335)
	at org.apache.pig.tools.grunt.GruntParser.executeBatch(GruntParser.java:137)
	at org.apache.pig.tools.grunt.GruntParser.processRemove(GruntParser.java:1001)
	at org.apache.pig.tools.pigscript.parser.PigScriptParser.parse(PigScriptParser.java:499)
	at org.apache.pig.tools.grunt.GruntParser.parseStopOnError(GruntParser.java:194)
	at org.apache.pig.tools.grunt.GruntParser.parseStopOnError(GruntParser.java:170)
	at org.apache.pig.tools.grunt.Grunt.exec(Grunt.java:84)
	at org.apache.pig.Main.run(Main.java:475)
	at org.apache.pig.Main.main(Main.java:157)
	at sun.reflect.NativeMethodAccessorImpl.invoke0(Native Method)
	at sun.reflect.NativeMethodAccessorImpl.invoke(NativeMethodAccessorImpl.java:39)
	at sun.reflect.DelegatingMethodAccessorImpl.invoke(DelegatingMethodAccessorImpl.java:25)
	at java.lang.reflect.Method.invoke(Method.java:597)
	at org.apache.hadoop.util.RunJar.main(RunJar.java:208)
2014-10-28 19:59:06,516 [main] INFO  org.apache.pig.tools.pigstats.ScriptState - Pig script settings are added to the job
2014-10-28 19:59:06,529 [main] INFO  org.apache.pig.backend.hadoop.executionengine.mapReduceLayer.JobControlCompiler - mapred.job.reduce.markreset.buffer.percent is not set, set to default 0.3
2014-10-28 19:59:06,536 [main] INFO  org.apache.pig.backend.hadoop.executionengine.mapReduceLayer.JobControlCompiler - Using reducer estimator: org.apache.pig.backend.hadoop.executionengine.mapReduceLayer.InputSizeReducerEstimator
2014-10-28 19:59:06,549 [main] INFO  org.apache.pig.backend.hadoop.executionengine.mapReduceLayer.InputSizeReducerEstimator - BytesPerReducer=1000000000 maxReducers=999 totalInputFileSize=243
2014-10-28 19:59:06,551 [main] INFO  org.apache.pig.backend.hadoop.executionengine.mapReduceLayer.JobControlCompiler - Setting Parallelism to 1
2014-10-28 19:59:06,621 [main] INFO  org.apache.pig.backend.hadoop.executionengine.mapReduceLayer.JobControlCompiler - Setting up single store job
2014-10-28 19:59:06,636 [main] INFO  org.apache.pig.data.SchemaTupleFrontend - Key [pig.schematuple] is false, will not generate code.
2014-10-28 19:59:06,636 [main] INFO  org.apache.pig.data.SchemaTupleFrontend - Starting process to move generated code to distributed cacche
2014-10-28 19:59:06,636 [main] INFO  org.apache.pig.data.SchemaTupleFrontend - Distributed cache not supported or needed in local mode. Setting key [pig.schematuple.local.dir] with code temp directory: /tmp/1414544346636-0
2014-10-28 19:59:06,696 [main] INFO  org.apache.pig.backend.hadoop.executionengine.mapReduceLayer.MapReduceLauncher - 1 map-reduce job(s) waiting for submission.
2014-10-28 19:59:06,703 [JobControl] INFO  org.apache.hadoop.metrics.jvm.JvmMetrics - Cannot initialize JVM Metrics with processName=JobTracker, sessionId= - already initialized
2014-10-28 19:59:06,741 [JobControl] WARN  org.apache.hadoop.mapred.JobClient - Use GenericOptionsParser for parsing the arguments. Applications should implement Tool for the same.
2014-10-28 19:59:06,745 [JobControl] WARN  org.apache.hadoop.mapred.JobClient - No job jar file set.  User classes may not be found. See JobConf(Class) or JobConf#setJar(String).
2014-10-28 19:59:06,769 [JobControl] WARN  org.apache.hadoop.conf.Configuration - fs.default.name is deprecated. Instead, use fs.defaultFS
2014-10-28 19:59:06,775 [JobControl] WARN  org.apache.hadoop.conf.Configuration - io.bytes.per.checksum is deprecated. Instead, use dfs.bytes-per-checksum
2014-10-28 19:59:06,849 [JobControl] INFO  org.apache.hadoop.mapreduce.lib.input.FileInputFormat - Total input paths to process : 1
2014-10-28 19:59:06,851 [JobControl] INFO  org.apache.pig.backend.hadoop.executionengine.util.MapRedUtil - Total input paths to process : 1
2014-10-28 19:59:06,891 [JobControl] INFO  org.apache.pig.backend.hadoop.executionengine.util.MapRedUtil - Total input paths (combined) to process : 1
2014-10-28 19:59:07,199 [main] INFO  org.apache.pig.backend.hadoop.executionengine.mapReduceLayer.MapReduceLauncher - 0% complete
2014-10-28 19:59:07,256 [Thread-3] INFO  org.apache.hadoop.mapred.LocalJobRunner - OutputCommitter set in config null
2014-10-28 19:59:07,327 [Thread-3] WARN  org.apache.hadoop.conf.Configuration - dfs.df.interval is deprecated. Instead, use fs.df.interval
2014-10-28 19:59:07,327 [Thread-3] WARN  org.apache.hadoop.conf.Configuration - hadoop.native.lib is deprecated. Instead, use io.native.lib.available
2014-10-28 19:59:07,327 [Thread-3] WARN  org.apache.hadoop.conf.Configuration - fs.default.name is deprecated. Instead, use fs.defaultFS
2014-10-28 19:59:07,328 [Thread-3] WARN  org.apache.hadoop.conf.Configuration - topology.script.number.args is deprecated. Instead, use net.topology.script.number.args
2014-10-28 19:59:07,328 [Thread-3] WARN  org.apache.hadoop.conf.Configuration - dfs.umaskmode is deprecated. Instead, use fs.permissions.umask-mode
2014-10-28 19:59:07,328 [Thread-3] WARN  org.apache.hadoop.conf.Configuration - topology.node.switch.mapping.impl is deprecated. Instead, use net.topology.node.switch.mapping.impl
2014-10-28 19:59:07,328 [Thread-3] WARN  org.apache.hadoop.conf.Configuration - io.bytes.per.checksum is deprecated. Instead, use dfs.bytes-per-checksum
2014-10-28 19:59:07,330 [Thread-3] INFO  org.apache.hadoop.mapred.LocalJobRunner - OutputCommitter is org.apache.pig.backend.hadoop.executionengine.mapReduceLayer.PigOutputCommitter
2014-10-28 19:59:07,373 [Thread-3] INFO  org.apache.hadoop.mapred.LocalJobRunner - Waiting for map tasks
2014-10-28 19:59:07,381 [pool-1-thread-1] INFO  org.apache.hadoop.mapred.LocalJobRunner - Starting task: attempt_local1898500610_0001_m_000000_0
2014-10-28 19:59:07,441 [pool-1-thread-1] WARN  mapreduce.Counters - Group org.apache.hadoop.mapred.Task$Counter is deprecated. Use org.apache.hadoop.mapreduce.TaskCounter instead
2014-10-28 19:59:07,580 [pool-1-thread-1] INFO  org.apache.hadoop.util.ProcessTree - setsid exited with exit code 0
2014-10-28 19:59:07,604 [pool-1-thread-1] INFO  org.apache.hadoop.mapred.Task -  Using ResourceCalculatorPlugin : org.apache.hadoop.util.LinuxResourceCalculatorPlugin@47503458
2014-10-28 19:59:07,616 [pool-1-thread-1] INFO  org.apache.hadoop.mapred.MapTask - Processing split: Number of splits :1
Total Length = 243
Input split[0]:
   Length = 243
  Locations:

-----------------------

2014-10-28 19:59:07,631 [pool-1-thread-1] INFO  org.apache.pig.backend.hadoop.executionengine.mapReduceLayer.PigRecordReader - Current split being processed file:/home/cloudera/rakesh/project1/clean/customers/part-r-00000:0+243
2014-10-28 19:59:07,634 [pool-1-thread-1] WARN  org.apache.hadoop.conf.Configuration - dfs.max.objects is deprecated. Instead, use dfs.namenode.max.objects
2014-10-28 19:59:07,635 [pool-1-thread-1] WARN  org.apache.hadoop.conf.Configuration - dfs.data.dir is deprecated. Instead, use dfs.datanode.data.dir
2014-10-28 19:59:07,635 [pool-1-thread-1] WARN  org.apache.hadoop.conf.Configuration - dfs.name.dir is deprecated. Instead, use dfs.namenode.name.dir
2014-10-28 19:59:07,635 [pool-1-thread-1] WARN  org.apache.hadoop.conf.Configuration - fs.checkpoint.dir is deprecated. Instead, use dfs.namenode.checkpoint.dir
2014-10-28 19:59:07,635 [pool-1-thread-1] WARN  org.apache.hadoop.conf.Configuration - dfs.block.size is deprecated. Instead, use dfs.blocksize
2014-10-28 19:59:07,635 [pool-1-thread-1] WARN  org.apache.hadoop.conf.Configuration - dfs.access.time.precision is deprecated. Instead, use dfs.namenode.accesstime.precision
2014-10-28 19:59:07,635 [pool-1-thread-1] WARN  org.apache.hadoop.conf.Configuration - dfs.replication.min is deprecated. Instead, use dfs.namenode.replication.min
2014-10-28 19:59:07,635 [pool-1-thread-1] WARN  org.apache.hadoop.conf.Configuration - dfs.name.edits.dir is deprecated. Instead, use dfs.namenode.edits.dir
2014-10-28 19:59:07,636 [pool-1-thread-1] WARN  org.apache.hadoop.conf.Configuration - dfs.replication.considerLoad is deprecated. Instead, use dfs.namenode.replication.considerLoad
2014-10-28 19:59:07,636 [pool-1-thread-1] WARN  org.apache.hadoop.conf.Configuration - dfs.balance.bandwidthPerSec is deprecated. Instead, use dfs.datanode.balance.bandwidthPerSec
2014-10-28 19:59:07,636 [pool-1-thread-1] WARN  org.apache.hadoop.conf.Configuration - dfs.safemode.threshold.pct is deprecated. Instead, use dfs.namenode.safemode.threshold-pct
2014-10-28 19:59:07,645 [pool-1-thread-1] WARN  org.apache.hadoop.conf.Configuration - dfs.http.address is deprecated. Instead, use dfs.namenode.http-address
2014-10-28 19:59:07,645 [pool-1-thread-1] WARN  org.apache.hadoop.conf.Configuration - dfs.name.dir.restore is deprecated. Instead, use dfs.namenode.name.dir.restore
2014-10-28 19:59:07,645 [pool-1-thread-1] WARN  org.apache.hadoop.conf.Configuration - dfs.https.client.keystore.resource is deprecated. Instead, use dfs.client.https.keystore.resource
2014-10-28 19:59:07,645 [pool-1-thread-1] WARN  org.apache.hadoop.conf.Configuration - dfs.backup.address is deprecated. Instead, use dfs.namenode.backup.address
2014-10-28 19:59:07,645 [pool-1-thread-1] WARN  org.apache.hadoop.conf.Configuration - dfs.backup.http.address is deprecated. Instead, use dfs.namenode.backup.http-address
2014-10-28 19:59:07,645 [pool-1-thread-1] WARN  org.apache.hadoop.conf.Configuration - dfs.permissions is deprecated. Instead, use dfs.permissions.enabled
2014-10-28 19:59:07,645 [pool-1-thread-1] WARN  org.apache.hadoop.conf.Configuration - dfs.safemode.extension is deprecated. Instead, use dfs.namenode.safemode.extension
2014-10-28 19:59:07,646 [pool-1-thread-1] WARN  org.apache.hadoop.conf.Configuration - dfs.datanode.max.xcievers is deprecated. Instead, use dfs.datanode.max.transfer.threads
2014-10-28 19:59:07,646 [pool-1-thread-1] WARN  org.apache.hadoop.conf.Configuration - dfs.https.need.client.auth is deprecated. Instead, use dfs.client.https.need-auth
2014-10-28 19:59:07,646 [pool-1-thread-1] WARN  org.apache.hadoop.conf.Configuration - dfs.https.address is deprecated. Instead, use dfs.namenode.https-address
2014-10-28 19:59:07,646 [pool-1-thread-1] WARN  org.apache.hadoop.conf.Configuration - dfs.replication.interval is deprecated. Instead, use dfs.namenode.replication.interval
2014-10-28 19:59:07,646 [pool-1-thread-1] WARN  org.apache.hadoop.conf.Configuration - fs.checkpoint.edits.dir is deprecated. Instead, use dfs.namenode.checkpoint.edits.dir
2014-10-28 19:59:07,646 [pool-1-thread-1] WARN  org.apache.hadoop.conf.Configuration - dfs.write.packet.size is deprecated. Instead, use dfs.client-write-packet-size
2014-10-28 19:59:07,646 [pool-1-thread-1] WARN  org.apache.hadoop.conf.Configuration - dfs.permissions.supergroup is deprecated. Instead, use dfs.permissions.superusergroup
2014-10-28 19:59:07,646 [pool-1-thread-1] WARN  org.apache.hadoop.conf.Configuration - dfs.secondary.http.address is deprecated. Instead, use dfs.namenode.secondary.http-address
2014-10-28 19:59:07,646 [pool-1-thread-1] WARN  org.apache.hadoop.conf.Configuration - fs.checkpoint.period is deprecated. Instead, use dfs.namenode.checkpoint.period
2014-10-28 19:59:07,710 [pool-1-thread-1] INFO  org.apache.pig.data.SchemaTupleBackend - Key [pig.schematuple] was not set... will not generate code.
2014-10-28 19:59:07,751 [pool-1-thread-1] INFO  org.apache.pig.backend.hadoop.executionengine.mapReduceLayer.PigMapOnly$Map - Aliases being processed per job phase (AliasName[line,offset]): M: cust[1,7],cust[-1,-1],cust_flt[4,11] C:  R: 
2014-10-28 19:59:07,756 [main] INFO  org.apache.pig.backend.hadoop.executionengine.mapReduceLayer.MapReduceLauncher - HadoopJobId: job_local1898500610_0001
2014-10-28 19:59:07,756 [main] INFO  org.apache.pig.backend.hadoop.executionengine.mapReduceLayer.MapReduceLauncher - Processing aliases cust,cust_flt
2014-10-28 19:59:07,756 [main] INFO  org.apache.pig.backend.hadoop.executionengine.mapReduceLayer.MapReduceLauncher - detailed locations: M: cust[1,7],cust[-1,-1],cust_flt[4,11] C:  R: 
2014-10-28 19:59:07,792 [pool-1-thread-1] INFO  org.apache.hadoop.mapred.LocalJobRunner - 
2014-10-28 19:59:07,795 [pool-1-thread-1] INFO  org.apache.hadoop.mapred.Task - Task:attempt_local1898500610_0001_m_000000_0 is done. And is in the process of commiting
2014-10-28 19:59:07,870 [pool-1-thread-1] INFO  org.apache.hadoop.mapred.LocalJobRunner - 
2014-10-28 19:59:07,870 [pool-1-thread-1] INFO  org.apache.hadoop.mapred.Task - Task attempt_local1898500610_0001_m_000000_0 is allowed to commit now
2014-10-28 19:59:07,885 [pool-1-thread-1] INFO  org.apache.hadoop.mapreduce.lib.output.FileOutputCommitter - Saved output of task 'attempt_local1898500610_0001_m_000000_0' to /home/cloudera/rakesh/project1/output/customer-emails
2014-10-28 19:59:07,886 [pool-1-thread-1] INFO  org.apache.hadoop.mapred.LocalJobRunner - 
2014-10-28 19:59:07,886 [pool-1-thread-1] INFO  org.apache.hadoop.mapred.Task - Task 'attempt_local1898500610_0001_m_000000_0' done.
2014-10-28 19:59:07,886 [pool-1-thread-1] INFO  org.apache.hadoop.mapred.LocalJobRunner - Finishing task: attempt_local1898500610_0001_m_000000_0
2014-10-28 19:59:07,886 [Thread-3] INFO  org.apache.hadoop.mapred.LocalJobRunner - Map task executor complete.
2014-10-28 19:59:12,266 [main] WARN  org.apache.pig.tools.pigstats.PigStatsUtil - Failed to get RunningJob for job job_local1898500610_0001
2014-10-28 19:59:12,269 [main] INFO  org.apache.pig.backend.hadoop.executionengine.mapReduceLayer.MapReduceLauncher - 100% complete
2014-10-28 19:59:12,269 [main] INFO  org.apache.pig.tools.pigstats.SimplePigStats - Detected Local mode. Stats reported below may be incomplete
2014-10-28 19:59:12,273 [main] INFO  org.apache.pig.tools.pigstats.SimplePigStats - Script Statistics: 

HadoopVersion	PigVersion	UserId	StartedAt	FinishedAt	Features
2.0.0-cdh4.4.0	0.11.0-cdh4.4.0	cloudera	2014-10-28 19:59:06	2014-10-28 19:59:12	FILTER

Success!

Job Stats (time in seconds):
JobId	Alias	Feature	Outputs
job_local1898500610_0001	cust,cust_flt	MAP_ONLY	/home/cloudera/rakesh/project1/output/customer-emails,

Input(s):
Successfully read records from: "/home/cloudera/rakesh/project1/clean/customers"

Output(s):
Successfully stored records in: "/home/cloudera/rakesh/project1/output/customer-emails"

Job DAG:
job_local1898500610_0001


2014-10-28 19:59:12,273 [main] INFO  org.apache.pig.backend.hadoop.executionengine.mapReduceLayer.MapReduceLauncher - Success!
2014-10-28 19:59:12,320 [main] INFO  org.apache.pig.tools.pigstats.ScriptState - Pig features used in the script: GROUP_BY,FILTER
2014-10-28 19:59:12,344 [main] INFO  org.apache.pig.backend.hadoop.executionengine.mapReduceLayer.MRCompiler - File concatenation threshold: 100 optimistic? false
2014-10-28 19:59:12,352 [main] INFO  org.apache.pig.backend.hadoop.executionengine.mapReduceLayer.CombinerOptimizer - Choosing to move algebraic foreach to combiner
2014-10-28 19:59:12,380 [main] INFO  org.apache.pig.backend.hadoop.executionengine.mapReduceLayer.MultiQueryOptimizer - MR plan size before optimization: 1
2014-10-28 19:59:12,380 [main] INFO  org.apache.pig.backend.hadoop.executionengine.mapReduceLayer.MultiQueryOptimizer - MR plan size after optimization: 1
2014-10-28 19:59:12,389 [main] INFO  org.apache.hadoop.metrics.jvm.JvmMetrics - Cannot initialize JVM Metrics with processName=JobTracker, sessionId= - already initialized
2014-10-28 19:59:12,392 [main] INFO  org.apache.pig.tools.pigstats.ScriptState - Pig script settings are added to the job
2014-10-28 19:59:12,393 [main] INFO  org.apache.pig.backend.hadoop.executionengine.mapReduceLayer.JobControlCompiler - mapred.job.reduce.markreset.buffer.percent is not set, set to default 0.3
2014-10-28 19:59:12,393 [main] INFO  org.apache.pig.backend.hadoop.executionengine.mapReduceLayer.JobControlCompiler - Setting Parallelism to 1
2014-10-28 19:59:12,404 [main] INFO  org.apache.pig.backend.hadoop.executionengine.mapReduceLayer.JobControlCompiler - Setting up single store job
2014-10-28 19:59:12,405 [main] INFO  org.apache.pig.data.SchemaTupleFrontend - Key [pig.schematuple] is false, will not generate code.
2014-10-28 19:59:12,405 [main] INFO  org.apache.pig.data.SchemaTupleFrontend - Starting process to move generated code to distributed cacche
2014-10-28 19:59:12,405 [main] INFO  org.apache.pig.data.SchemaTupleFrontend - Distributed cache not supported or needed in local mode. Setting key [pig.schematuple.local.dir] with code temp directory: /tmp/1414544352405-0
2014-10-28 19:59:12,472 [main] INFO  org.apache.pig.backend.hadoop.executionengine.mapReduceLayer.MapReduceLauncher - 1 map-reduce job(s) waiting for submission.
2014-10-28 19:59:12,473 [JobControl] INFO  org.apache.hadoop.metrics.jvm.JvmMetrics - Cannot initialize JVM Metrics with processName=JobTracker, sessionId= - already initialized
2014-10-28 19:59:12,477 [JobControl] WARN  org.apache.hadoop.mapred.JobClient - Use GenericOptionsParser for parsing the arguments. Applications should implement Tool for the same.
2014-10-28 19:59:12,478 [JobControl] WARN  org.apache.hadoop.mapred.JobClient - No job jar file set.  User classes may not be found. See JobConf(Class) or JobConf#setJar(String).
2014-10-28 19:59:12,497 [JobControl] INFO  org.apache.hadoop.mapreduce.lib.input.FileInputFormat - Total input paths to process : 1
2014-10-28 19:59:12,504 [JobControl] INFO  org.apache.pig.backend.hadoop.executionengine.util.MapRedUtil - Total input paths to process : 1
2014-10-28 19:59:12,504 [JobControl] INFO  org.apache.pig.backend.hadoop.executionengine.util.MapRedUtil - Total input paths (combined) to process : 1
2014-10-28 19:59:12,592 [Thread-9] INFO  org.apache.hadoop.mapred.LocalJobRunner - OutputCommitter set in config null
2014-10-28 19:59:12,598 [Thread-9] WARN  org.apache.hadoop.conf.Configuration - dfs.df.interval is deprecated. Instead, use fs.df.interval
2014-10-28 19:59:12,598 [Thread-9] WARN  org.apache.hadoop.conf.Configuration - hadoop.native.lib is deprecated. Instead, use io.native.lib.available
2014-10-28 19:59:12,598 [Thread-9] WARN  org.apache.hadoop.conf.Configuration - fs.default.name is deprecated. Instead, use fs.defaultFS
2014-10-28 19:59:12,598 [Thread-9] WARN  org.apache.hadoop.conf.Configuration - topology.script.number.args is deprecated. Instead, use net.topology.script.number.args
2014-10-28 19:59:12,598 [Thread-9] WARN  org.apache.hadoop.conf.Configuration - dfs.umaskmode is deprecated. Instead, use fs.permissions.umask-mode
2014-10-28 19:59:12,598 [Thread-9] WARN  org.apache.hadoop.conf.Configuration - topology.node.switch.mapping.impl is deprecated. Instead, use net.topology.node.switch.mapping.impl
2014-10-28 19:59:12,598 [Thread-9] WARN  org.apache.hadoop.conf.Configuration - io.bytes.per.checksum is deprecated. Instead, use dfs.bytes-per-checksum
2014-10-28 19:59:12,599 [Thread-9] INFO  org.apache.hadoop.mapred.LocalJobRunner - OutputCommitter is org.apache.pig.backend.hadoop.executionengine.mapReduceLayer.PigOutputCommitter
2014-10-28 19:59:12,601 [Thread-9] INFO  org.apache.hadoop.mapred.LocalJobRunner - Waiting for map tasks
2014-10-28 19:59:12,601 [pool-2-thread-1] INFO  org.apache.hadoop.mapred.LocalJobRunner - Starting task: attempt_local1541107171_0002_m_000000_0
2014-10-28 19:59:12,601 [pool-2-thread-1] WARN  mapreduce.Counters - Group org.apache.hadoop.mapred.Task$Counter is deprecated. Use org.apache.hadoop.mapreduce.TaskCounter instead
2014-10-28 19:59:12,621 [pool-2-thread-1] INFO  org.apache.hadoop.mapred.Task -  Using ResourceCalculatorPlugin : org.apache.hadoop.util.LinuxResourceCalculatorPlugin@55d91364
2014-10-28 19:59:12,623 [pool-2-thread-1] INFO  org.apache.hadoop.mapred.MapTask - Processing split: Number of splits :1
Total Length = 243
Input split[0]:
   Length = 243
  Locations:

-----------------------

2014-10-28 19:59:12,626 [pool-2-thread-1] INFO  org.apache.pig.backend.hadoop.executionengine.mapReduceLayer.PigRecordReader - Current split being processed file:/home/cloudera/rakesh/project1/clean/customers/part-r-00000:0+243
2014-10-28 19:59:12,632 [pool-2-thread-1] INFO  org.apache.hadoop.mapred.MapTask - Map output collector class = org.apache.hadoop.mapred.MapTask$MapOutputBuffer
2014-10-28 19:59:12,634 [pool-2-thread-1] INFO  org.apache.hadoop.mapred.MapTask - io.sort.mb = 100
2014-10-28 19:59:12,723 [pool-2-thread-1] INFO  org.apache.hadoop.mapred.MapTask - data buffer = 79691776/99614720
2014-10-28 19:59:12,723 [pool-2-thread-1] INFO  org.apache.hadoop.mapred.MapTask - record buffer = 262144/327680
2014-10-28 19:59:12,728 [pool-2-thread-1] WARN  org.apache.hadoop.conf.Configuration - dfs.https.address is deprecated. Instead, use dfs.namenode.https-address
2014-10-28 19:59:12,740 [pool-2-thread-1] INFO  org.apache.pig.data.SchemaTupleBackend - Key [pig.schematuple] was not set... will not generate code.
2014-10-28 19:59:12,762 [pool-2-thread-1] INFO  org.apache.pig.backend.hadoop.executionengine.mapReduceLayer.PigGenericMapReduce$Map - Aliases being processed per job phase (AliasName[line,offset]): M: cust[1,7],cust[-1,-1],cust_flt[4,11],cust_count[14,13],cust_grp[11,11] C: cust_count[14,13],cust_grp[11,11] R: cust_count[14,13]
2014-10-28 19:59:12,768 [pool-2-thread-1] INFO  org.apache.hadoop.mapred.LocalJobRunner - 
2014-10-28 19:59:12,768 [pool-2-thread-1] INFO  org.apache.hadoop.mapred.MapTask - Starting flush of map output
2014-10-28 19:59:12,797 [pool-2-thread-1] INFO  org.apache.pig.backend.hadoop.executionengine.mapReduceLayer.PigCombiner$Combine - Aliases being processed per job phase (AliasName[line,offset]): M: cust[1,7],cust[-1,-1],cust_flt[4,11],cust_count[14,13],cust_grp[11,11] C: cust_count[14,13],cust_grp[11,11] R: cust_count[14,13]
2014-10-28 19:59:12,802 [pool-2-thread-1] INFO  org.apache.hadoop.mapred.MapTask - Finished spill 0
2014-10-28 19:59:12,805 [pool-2-thread-1] INFO  org.apache.hadoop.mapred.Task - Task:attempt_local1541107171_0002_m_000000_0 is done. And is in the process of commiting
2014-10-28 19:59:12,805 [pool-2-thread-1] INFO  org.apache.hadoop.mapred.LocalJobRunner - 
2014-10-28 19:59:12,805 [pool-2-thread-1] INFO  org.apache.hadoop.mapred.Task - Task 'attempt_local1541107171_0002_m_000000_0' done.
2014-10-28 19:59:12,805 [pool-2-thread-1] INFO  org.apache.hadoop.mapred.LocalJobRunner - Finishing task: attempt_local1541107171_0002_m_000000_0
2014-10-28 19:59:12,806 [Thread-9] INFO  org.apache.hadoop.mapred.LocalJobRunner - Map task executor complete.
2014-10-28 19:59:12,809 [Thread-9] WARN  mapreduce.Counters - Group org.apache.hadoop.mapred.Task$Counter is deprecated. Use org.apache.hadoop.mapreduce.TaskCounter instead
2014-10-28 19:59:12,849 [Thread-9] INFO  org.apache.hadoop.mapred.Task -  Using ResourceCalculatorPlugin : org.apache.hadoop.util.LinuxResourceCalculatorPlugin@76190efc
2014-10-28 19:59:12,849 [Thread-9] INFO  org.apache.hadoop.mapred.LocalJobRunner - 
2014-10-28 19:59:12,884 [Thread-9] INFO  org.apache.hadoop.mapred.Merger - Merging 1 sorted segments
2014-10-28 19:59:12,897 [Thread-9] INFO  org.apache.hadoop.mapred.Merger - Down to the last merge-pass, with 1 segments left of total size: 16 bytes
2014-10-28 19:59:12,897 [Thread-9] INFO  org.apache.hadoop.mapred.LocalJobRunner - 
2014-10-28 19:59:12,929 [Thread-9] WARN  org.apache.pig.data.SchemaTupleBackend - SchemaTupleBackend has already been initialized
2014-10-28 19:59:12,958 [Thread-9] INFO  org.apache.pig.backend.hadoop.executionengine.mapReduceLayer.PigMapReduce$Reduce - Aliases being processed per job phase (AliasName[line,offset]): M: cust[1,7],cust[-1,-1],cust_flt[4,11],cust_count[14,13],cust_grp[11,11] C: cust_count[14,13],cust_grp[11,11] R: cust_count[14,13]
2014-10-28 19:59:12,970 [Thread-9] INFO  org.apache.hadoop.mapred.Task - Task:attempt_local1541107171_0002_r_000000_0 is done. And is in the process of commiting
2014-10-28 19:59:12,971 [Thread-9] INFO  org.apache.hadoop.mapred.LocalJobRunner - 
2014-10-28 19:59:12,972 [main] INFO  org.apache.pig.backend.hadoop.executionengine.mapReduceLayer.MapReduceLauncher - HadoopJobId: job_local1541107171_0002
2014-10-28 19:59:12,976 [main] INFO  org.apache.pig.backend.hadoop.executionengine.mapReduceLayer.MapReduceLauncher - Processing aliases cust,cust_count,cust_flt,cust_grp
2014-10-28 19:59:12,976 [main] INFO  org.apache.pig.backend.hadoop.executionengine.mapReduceLayer.MapReduceLauncher - detailed locations: M: cust[1,7],cust[-1,-1],cust_flt[4,11],cust_count[14,13],cust_grp[11,11] C: cust_count[14,13],cust_grp[11,11] R: cust_count[14,13]
2014-10-28 19:59:12,977 [main] INFO  org.apache.pig.backend.hadoop.executionengine.mapReduceLayer.MapReduceLauncher - 0% complete
2014-10-28 19:59:12,977 [Thread-9] INFO  org.apache.hadoop.mapred.Task - Task attempt_local1541107171_0002_r_000000_0 is allowed to commit now
2014-10-28 19:59:12,979 [Thread-9] INFO  org.apache.hadoop.mapreduce.lib.output.FileOutputCommitter - Saved output of task 'attempt_local1541107171_0002_r_000000_0' to /home/cloudera/rakesh/project1/output/cust_with_emails_count
2014-10-28 19:59:12,986 [Thread-9] INFO  org.apache.hadoop.mapred.LocalJobRunner - reduce > reduce
2014-10-28 19:59:12,986 [Thread-9] INFO  org.apache.hadoop.mapred.Task - Task 'attempt_local1541107171_0002_r_000000_0' done.
2014-10-28 19:59:17,984 [main] WARN  org.apache.pig.tools.pigstats.PigStatsUtil - Failed to get RunningJob for job job_local1541107171_0002
2014-10-28 19:59:17,984 [main] INFO  org.apache.pig.backend.hadoop.executionengine.mapReduceLayer.MapReduceLauncher - 100% complete
2014-10-28 19:59:17,984 [main] INFO  org.apache.pig.tools.pigstats.SimplePigStats - Detected Local mode. Stats reported below may be incomplete
2014-10-28 19:59:17,985 [main] INFO  org.apache.pig.tools.pigstats.SimplePigStats - Script Statistics: 

HadoopVersion	PigVersion	UserId	StartedAt	FinishedAt	Features
2.0.0-cdh4.4.0	0.11.0-cdh4.4.0	cloudera	2014-10-28 19:59:12	2014-10-28 19:59:17	GROUP_BY,FILTER

Success!

Job Stats (time in seconds):
JobId	Alias	Feature	Outputs
job_local1541107171_0002	cust,cust_count,cust_flt,cust_grp	GROUP_BY,COMBINER	/home/cloudera/rakesh/project1/output/cust_with_emails_count,

Input(s):
Successfully read records from: "/home/cloudera/rakesh/project1/clean/customers"

Output(s):
Successfully stored records in: "/home/cloudera/rakesh/project1/output/cust_with_emails_count"

Job DAG:
job_local1541107171_0002


2014-10-28 19:59:17,985 [main] INFO  org.apache.pig.backend.hadoop.executionengine.mapReduceLayer.MapReduceLauncher - Success!
